[RUN #0 100 100]
336 -202 574 845 131 707 -113 -508 -270 366 194 -206 -741 310 -957 371 180 -222 -986 -750 -924 615 -339 -849 925 -89 -950 -378 -457 -547 465 241 704 626 -194 272 619 -340 -758 -653 -766 148 -511 58 253 546 -117 -851 115 774 -951 314 -987 -891 477 -310 -461 -108 890 -430 173 507 -657 232 -307 -138 528 580 -466 -636 581 -701 -503 863 785 823 -240 -67 -782 -934 -516 -839 -894 27 -829 815 -810 415 -913 829 397 -989 -696 -747 -126 614 -990 143 -133 -801
232 -399 590 -864 -282 -485 211 -800 -535 982 253 -257 515 649 79 -855 -460 -451 -907 -898 -764 -199 -938 13 -852 -750 877 -811 -56 222 119 308 -352 -375 -430 628 -660 778 18 315 -243 256 -403 199 160 208 -945 696 -426 -36 -655 -70 181 838 -838 919 913 952 683 -217 442 -390 -669 -973 -387 -589 -342 273 559 64 -921 -974 627 -100 -781 479 111 -928 -604 -961 -667 -994 -673 483 -477 -688 721 35 -657 100 333 -68 -856 -287 228 -232 -966 747 -305 -522
-194 -839 187 202 -954 -423 405 60 23 43 -427 678 -140 -8 -380 -126 641 573 -887 979 -421 398 928 -222 966 -389 99 -442 733 -545 -943 96 373 452 913 759 303 747 955 814 699 -774 -994 694 29 505 -528 -164 -568 -5 314 -34 383 540 -792 141 -790 104 128 201 -746 779 415 -575 -775 895 -890 855 -61 273 -395 75 377 64 113 -28 632 -468 -971 -451 155 594 715 703 -292 -70 481 -720 -463 -925 -763 -248 -563 -382 426 92 -791 496 42 -342
-690 595 407 965 -729 835 609 527 -972 202 -746 -967 -396 851 967 689 -507 269 14 -894 505 -948 802 -265 -107 461 -311 -918 -628 -592 522 -363 790 820 -795 590 -356 190 -353 -878 -527 318 -194 -600 233 864 756 -968 784 -921 124 819 -769 -994 -56 -782 374 497 -937 -319 -958 439 422 -915 -158 194 -835 -269 238 -30 231 -785 -375 -765 868 812 985 615 720 -451 -819 948 0 -711 483 79 -478 -949 817 -296 -389 -463 -31 294 -672 -764 -648 158 -536 -482
975 513 -20 -752 12 -461 520 -484 549 -837 455 679 -998 -893 91 667 -99 843 -771 -650 -827 -853 -678 797 11 -555 -133 -575 -367 731 -590 -974 554 -446 626 -518 -839 641 -296 989 280 -281 467 -160 -334 -953 689 -979 883 -167 627 662 -934 -593 -420 311 -806 749 -762 785 819 566 559 352 -733 -90 -453 35 -358 8 767 -156 645 401 869 618 -781 458 -587 -941 353 586 -450 -903 908 -722 -764 183 -150 115 172 653 984 -904 -272 -885 159 -135 487 674
-559 705 113 770 -44 -531 588 -72 607 571 183 371 41 -494 631 666 -499 -543 33 277 998 -584 503 478 -678 883 -304 -242 165 514 -436 -907 -565 896 -470 -63 -742 336 972 337 468 -921 360 447 -592 -486 526 52 -533 -746 772 -1 -706 473 -13 384 286 -864 -752 -506 -217 703 83 670 20 -652 615 -881 -186 -905 550 -403 -151 711 446 -577 -73 -57 213 409 -721 -849 -202 -278 -429 -842 118 -518 -779 -935 -749 945 -585 -427 -277 324 798 -599 69 -34
551 -396 735 240 524 741 -506 607 -642 -609 355 554 287 149 -802 447 698 919 9 -437 807 361 -858 854 849 -855 1 -121 -655 445 487 112 -688 874 -312 720 -126 -242 241 906 -136 -481 429 -516 -785 -294 -830 -599 -914 912 -618 -57 -388 431 715 977 627 -547 603 451 145 -755 742 -446 -671 -563 700 -258 -54 637 170 -816 -444 905 -653 83 655 798 -477 8 109 -783 572 -20 834 -558 117 21 -998 -108 -117 -393 -43 -560 187 -654 -155 193 595 956
656 699 -769 1 -477 -581 367 -297 240 467 -16 136 975 -876 97 129 961 -687 170 -451 -591 243 572 599 -309 -595 -812 822 -718 -801 132 878 -38 -735 -103 252 -538 906 -88 70 4 979 352 -232 -637 810 304 74 -789 205 379 71 195 -554 -755 513 -739 794 -609 -904 278 154 425 -638 -715 535 -225 99 41 816 477 -883 480 -240 335 440 782 -974 113 284 404 -951 -767 811 452 479 835 701 -681 -977 -571 795 142 -398 137 536 182 788 324 944
844 -485 -225 -414 -800 869 923 190 471 586 -540 800 837 140 -565 515 -190 -722 522 -82 937 -230 -435 -222 729 -759 -939 516 -631 -882 -69 300 -187 -820 -189 -453 306 705 -411 409 -113 -654 -460 770 -843 822 852 740 -891 -13 -456 -315 772 -57 -688 -356 528 -793 -950 -397 -76 989 22 886 -59 465 -99 -892 662 177 -182 -806 -515 -316 285 -597 -203 -990 -439 -999 -628 151 -740 -527 -834 -650 -680 -273 709 926 492 -781 435 904 658 -704 -561 396 927 -520
584 -285 -369 -183 902 -660 -487 -498 -458 49 431 -554 -382 -130 347 973 -234 -108 -411 -386 395 909 -545 110 422 583 688 368 -909 -146 -967 -937 798 -773 789 28 12 -869 -644 828 889 317 996 434 765 568 719 496 966 -11 884 -259 747 -105 716 470 19 55 -714 -563 -94 558 904 -604 404 503 807 -892 -501 955 82 -932 452 -410 -857 363 969 494 -353 -59 -296 947 -384 -895 527 -936 -538 -426 987 -706 570 433 -938 47 851 -961 -903 729 -444 -717
823 -501 804 829 761 739 -31 -791 259 286 858 -906 701 -214 365 782 864 -551 293 -11 -757 -935 790 657 -631 748 839 -284 280 476 531 955 -95 -572 684 -259 21 -865 212 209 -62 -390 990 870 458 -900 608 534 -181 920 508 2 -386 887 172 226 -549 -541 -958 854 661 -530 -595 -817 198 817 978 -499 324 -51 930 -275 899 -858 -307 891 -474 -778 295 385 363 -831 643 880 627 -589 778 -450 893 -341 -387 -182 10 -165 -984 387 824 -337 57 70
572 -12 996 655 -677 165 -971 -782 44 -639 993 589 -681 994 726 744 161 -187 -910 -1 217 -172 -185 942 -433 -136 493 -252 -579 240 -707 491 653 -50 -255 -90 369 -212 -822 396 326 333 999 18 -665 954 634 -465 558 -31 -265 508 669 580 447 -934 527 357 -280 809 909 -754 129 -345 -375 895 -229 331 4 846 -292 602 -446 -254 -560 -819 234 -10 417 716 -84 -236 -592 -235 245 -642 -332 265 -919 390 597 -920 -657 900 -701 210 -826 -131 225 34
-979 -447 -301 473 -333 20 -586 470 -422 754 -360 -982 -294 -488 44 977 788 -369 82 -330 156 -477 397 612 448 948 -753 205 -719 885 130 -482 849 -27 -213 962 -226 -837 660 531 11 -498 -282 -700 723 -468 -163 -155 -358 436 -55 -11 -987 198 -315 262 -479 17 902 -135 107 -579 -838 -324 261 -645 -127 641 -969 701 992 161 772 738 601 420 -656 -904 846 -423 -507 770 782 990 407 709 -178 -898 202 91 -660 -427 924 859 538 -138 -47 -75 -687 62
-706 -986 -382 -2 -800 858 48 938 -249 164 227 -538 638 -877 -304 -820 606 -723 -753 -325 370 -182 586 -320 -497 96 142 43 195 208 -169 508 824 391 -824 703 420 633 225 431 -4 463 348 -933 344 -597 -224 290 -944 -52 412 376 -985 -924 -251 189 438 912 157 759 -803 825 -632 -958 -284 135 -195 997 865 -357 -473 894 751 -135 940 -424 -712 -236 712 -762 -914 699 725 -603 -835 -665 -333 -849 469 744 -377 800 529 988 -521 -47 185 -71 996 49
-277 691 13 -889 -263 267 -139 -886 893 994 855 26 758 -150 755 679 -321 -564 -163 864 940 178 113 87 374 -833 -350 523 -433 787 191 -418 31 811 867 634 162 -394 -311 -498 580 -687 -389 418 154 -918 -341 -927 -563 -795 361 -605 -459 808 -441 874 568 429 851 -843 -193 -731 406 120 295 451 -133 602 165 -425 761 -664 -102 -469 735 449 468 332 -972 -734 -69 829 -260 -308 -117 -684 -140 303 67 122 -272 793 -105 325 649 -476 763 996 -796 410
70 -145 786 899 -826 314 249 309 843 -996 733 -371 -233 893 -254 -965 924 -337 53 864 921 -73 581 -285 -832 -463 509 -749 335 527 4 468 907 139 -861 261 495 324 376 404 260 -829 -744 -573 -892 900 -508 -622 -1000 178 -100 -633 154 769 80 812 -805 860 930 -601 -203 420 790 -436 -121 -239 -291 282 751 -850 428 -526 -483 -647 -344 11 732 -147 705 62 688 -833 -15 -529 65 -713 840 -111 506 -774 -292 -325 997 -670 779 -251 -685 -562 778 422
-30 433 548 705 -748 932 691 -159 -602 686 -716 975 738 -930 270 884 -777 -71 -776 -156 -584 -523 -994 -791 -264 334 108 994 -901 229 317 474 -155 -972 -752 -472 -353 -487 -100 405 -120 953 -112 198 -59 554 -572 109 956 -865 356 -444 53 885 -69 696 -92 715 864 182 716 -302 -672 354 -225 -807 33 58 451 -183 902 398 992 3 -198 -187 -783 -638 -107 -556 333 -91 777 -858 -124 -151 989 584 73 -987 805 -665 246 -932 409 402 145 -145 736 -471
453 583 344 -383 -877 -515 -990 -43 -671 -67 891 807 -737 -412 -436 82 -384 -395 213 -769 -840 -90 867 -602 -807 413 803 550 -929 617 952 -251 -941 -217 -44 -679 -226 39 100 -159 -504 660 -206 -124 -479 115 208 -842 -87 -646 -186 -356 -593 723 -492 553 639 298 845 70 445 604 576 103 161 -241 245 330 -609 -170 -99 940 447 -695 -583 941 -161 -781 -926 370 -820 97 792 -466 966 228 -321 178 686 931 -985 -921 618 166 -944 594 476 -490 -430 105
-873 701 137 372 -666 766 -327 814 613 -838 -278 481 -679 -458 579 -700 -184 -319 589 -997 -790 839 166 -775 -639 -349 414 -445 68 807 -676 -623 629 -34 727 827 147 164 -900 101 674 -535 331 455 441 363 489 249 -88 -310 21 -428 -860 573 -192 984 -759 975 -685 478 -573 -18 640 936 -413 294 116 -745 625 316 -138 -484 -514 354 830 -424 835 856 -719 -963 347 -579 56 862 -856 -749 -869 411 120 -814 -550 450 939 493 828 359 692 -286 50 413
-196 -91 614 -777 848 -285 671 757 -51 31 -732 134 116 37 -226 887 740 397 -401 200 -796 -458 340 402 618 469 -184 -123 528 -842 272 -9 620 -557 -774 -562 571 -759 -47 716 -258 410 913 133 -677 -775 -735 -793 -142 326 78 -59 28 866 -250 -591 947 635 659 961 98 75 457 -199 -156 217 -915 725 576 652 128 228 566 701 -194 279 485 -817 -626 65 587 -731 374 -790 -847 231 465 -422 -281 -809 -629 373 -587 473 -201 -111 763 -534 -356 -788
[RUN #1 10 100]
925 264 958 -163 -583 -402 -491 25 -175 -924
-25 162 111 686 31 696 468 -516 288 439
-9 268 -783 -367 783 497 208 -248 -826 -395
48 738 322 803 121 409 -760 -959 274 260
568 841 -448 -533 -2 -70 410 -966 675 258
-484 461 -135 999 722 -759 -503 -357 413 34
644 -649 515 399 -857 -312 -509 -311 -758 -449
701 462 785 680 591 -880 608 -612 650 -602
-699 -758 -271 373 511 -334 -128 166 -725 -357
-188 -305 974 -817 -408 -46 609 3 -539 -804
5 418 409 -36 -126 -61 -206 -40 -233 775
-962 -5 610 -295 -223 -519 828 41 -855 -958
468 671 -681 -966 -391 -99 -880 565 -446 620
208 18 50 578 -871 898 842 -553 477 22
916 246 -614 434 93 -239 686 -983 -968 175
-863 -503 -545 -816 -958 726 -161 -506 642 -619
257 998 235 -994 -185 -541 118 273 736 247
509 -19 657 -299 819 -369 868 514 -212 -82
367 -97 -149 -746 811 -568 19 -774 269 67
87 858 849 -389 989 231 -321 60 -230 -822
795 -418 -359 -86 -926 178 -925 -837 -491 -490
507 325 -613 132 -463 503 -939 -210 -839 -656
194 626 -518 520 495 33 -935 323 434 993
-636 728 512 -14 -571 373 416 769 -987 -999
-742 -834 577 -819 88 706 -557 950 -832 -854
-522 -375 555 -856 184 562 760 -533 -358 632
142 644 -813 -340 -163 -266 334 42 -473 -430
467 454 480 392 945 394 -656 -138 -190 -181
-921 799 -464 585 -804 -194 -661 -304 968 791
-233 784 896 -229 351 -662 661 605 983 -157
-221 362 198 418 302 -245 -332 -417 -296 -337
-945 -731 471 781 463 35 -25 610 772 535
-259 402 759 366 206 939 462 -317 -134 -572
-186 642 540 633 -714 -978 -404 772 268 60
891 420 183 872 606 -787 -1000 -877 213 682
[RUN #2 10 100]
-680 210 -904 509 -547 907 -82 651 -909 -810
191 545 820 -24 249 896 -550 347 -983 -173
430 -508 729 62 -323 33 -922 159 -823 -76
-167 20 21 -356 -550 100 -10 -9 743 718
-901 269 -132 332 -143 135 -473 -725 -259 264
290 -883 929 -762 531 236 -288 111 -107 50
-626 -122 -697 -182 734 7 -174 -977 -65 -98
-988 98 -79 961 440 888 -470 996 -454 629
-786 -175 634 -162 -749 -104 -610 113 45 -613
-861 -197 661 -59 -502 553 618 -297 391 61
-795 732 240 977 246 367 445 171 701 674
736 -959 -641 331 -267 -297 672 -768 41 -535
-742 -199 457 610 73 -431 479 -73 -551 210
-603 -531 -68 -983 -673 527 149 -340 -318 126
-941 -290 -815 -308 312 407 118 -400 600 -751
343 -988 -739 -208 -83 -253 568 -269 -519 -893
198 607 -528 500 635 -473 476 -284 911 -232
110 -965 668 -601 -292 -363 927 113 -492 -25
479 197 -189 462 554 -174 -451 -31 560 -916
-112 381 -558 -198 64 -74 -888 -747 -695 -742
-348 -838 207 765 -705 -496 -583 512 -678 -830
452 416 -24 598 400 185 -404 -331 -130 -927
493 -437 -348 373 72 -927 29 -948 -405 208
24 -470 973 482 531 137 -542 -296 -49 -623
-434 475 -562 -522 849 -178 -811 852 -733 58
540 260 -806 182 -295 400 957 113 -307 -33
-396 497 -23 436 -928 -145 356 200 -709 167
636 -17 -205 317 -730 650 960 424 724 -282
-348 829 -309 -778 -33 -453 -376 -175 -873 -825
569 -729 798 788 284 -530 -801 -780 -117 -299
684 -460 -74 241 665 -505 -680 253 -834 382
686 -824 -148 734 -475 219 -42 371 -721 -308
-204 191 962 -623 -246 -924 -291 -663 -712 -720
626 790 -60 -641 -806 -313 235 637 215 404
-875 -650 -77 -563 -561 -988 136 193 838 -990
330 179 13 876 586 -710 767 818 -837 208
810 -424 589 169 -887 410 875 -445 945 129
-890 763 454 227 -877 469 450 -326 -169 -197
-96 -124 773 378 -736 592 -545 -105 -247 885
913 256 958 -64 -977 349 -480 -515 -228 866
-842 -825 -959 -520 795 -798 -398 -964 -271 614
984 67 698 781 496 -808 -612 -195 1 179
-232 482 297 -381 -231 -295 861 547 123 -211
175 -486 -981 -745 483 -493 -846 993 131 -525
-368 458 89 306 -37 -714 -396 838 356 -219
919 308 -960 -251 -845 35 512 -683 -473 -745
-135 -878 874 299 -84 -952 76 298 -480 -978
998 -603 828 888 -954 -712 974 388 877 788
-573 -858 -682 -817 -442 -902 -989 925 -524 837
255 -913 -769 146 -351 -854 439 566 951 229
310 972 704 -247 767 702 380 59 282 -679
886 792 -803 828 546 875 567 -524 -924 35
362 519 -666 638 273 235 -809 927 -726 435
-585 999 582 803 -203 492 -522 586 -480 -901
-179 -826 456 530 320 3 228 927 718 -374
362 979 683 -915 -789 938 -181 -146 -966 53
-536 -472 -322 723 -513 921 -660 -361 -446 641
-860 801 -913 -332 -883 14 -256 262 796 -651
-461 52 596 321 465 -136 -984 337 827 958
-32 936 -40 -642 -551 908 86 786 500 -570
-910 -956 49 508 -763 738 612 446 -125 449
948 261 56 859 -454 -285 270 780 -683 741
691 268 -275 -809 -171 174 -24 -844 -703 -102
-899 -425 -753 -279 -136 644 -473 -210 595 -38
-292 317 380 811 131 930 -500 -835 965 38
725 -382 607 273 -479 110 -956 507 -396 -765
-578 153 -845 612 138 -180 -655 -984 -12 -226
-594 -236 -826 770 947 649 -535 974 175 -607
242 128 -662 933 -810 534 329 718 -122 158
-337 276 603 -590 470 -664 223 -900 238 -637
248 964 -944 -292 -651 224 -327 -314 -680 195
794 -121 815 128 810 -644 857 -761 -201 122
-262 -492 -42 -768 210 -516 -238 -916 -963 -914
570 -349 -739 896 659 805 63 156 -833 -923
490 458 -735 113 -929 -330 904 514 -401 688
-336 497 -876 -427 576 174 23 768 593 -686
629 -729 -812 -178 427 -212 -451 791 445 228
-85 -212 -780 -412 -379 672 -856 828 -366 -363
-57 184 522 353 563 130 -472 406 -811 -91
234 433 -202 -859 -104 104 761 -705 -560 31
660 879 -607 669 713 -182 -813 793 -51 694
-487 800 -330 185 -40 -930 931 -322 256 923
352 -906 938 176 -715 232 -84 998 -910 -650
-24 -695 -380 627 -234 553 -438 382 598 -872
772 299 -350 657 314 -906 -925 -602 611 246
-161 910 225 -151 -34 583 -460 -43 -95 51
-997 -681 507 764 -958 405 217 656 -671 157
-806 371 -405 -421 959 992 354 -933 110 -703
-257 -309 -815 -681 -855 370 -850 110 848 -335
733 63 895 -89 -187 268 -663 -223 -481 53
304 -726 -735 -948 -129 -973 -214 752 419 -848
-203 -396 -838 -746 -795 -24 -768 378 933 -858
-449 303 9 597 17 -497 300 -173 61 879
119 -274 182 -41 331 571 -991 -19 -560 -717
10 -548 -223 977 767 -82 262 -673 198 -201
-435 208 457 -231 -934 -272 -932 -638 -88 644
269 464 -305 855 423 -783 554 538 -264 229
174 401 666 502 522 -178 -590 718 866 312
-30 -780 972 529 938 -645 -226 -181 442 401
-292 -347 -567 -552 -64 -494 764 523 -296 400
[RUN #3 5 100]
924 355 -850 916 -218
-632 987 -427 160 754
-887 988 535 -463 21
211 288 -780 -637 -385
398 -424 412 755 169
-447 -487 621 -658 -572
-520 -195 663 -268 -348
-496 -370 167 -613 305
379 -127 797 -84 100
-605 576 208 -540 -123
351 -232 801 -304 331
433 -418 -912 521 502
57 -367 -895 -463 -41
-529 -998 -296 836 -457
-900 110 792 -970 825
-29 865 804 -488 741
-706 575 -895 -314 83
-935 837 413 -818 -39
-758 638 257 818 -129
134 993 757 215 -344
942 -103 146 -400 -691
129 -645 -808 -957 237
162 884 659 657 908
-471 321 975 -373 260
-782 222 -677 712 283
-399 -71 -129 -606 359
-755 646 -277 965 828
201 509 909 -684 -310
785 -29 -40 230 349
-16 -199 -190 49 -648
925 232 808 -797 -257
441 -308 -708 -858 224
-192 775 396 -17 -72
-726 936 -643 -370 145
177 -231 -345 137 -718
305 -746 979 -135 -585
-107 92 -987 -405 -111
693 -701 -286 328 -99
680 879 177 -644 -865
-334 -70 579 233 321
300 517 -284 682 71
949 756 -664 537 140
709 477 -524 172 -561
111 -350 142 374 -235
334 892 198 -523 655
-411 368 -585 994 -683
610 -138 657 -149 214
894 -389 -716 792 834
-95 -122 475 -287 850
-762 -189 -949 -814 -385
-671 -36 323 19 -625
491 910 -224 482 -177
-834 -542 -533 -743 833
690 998 865 165 964
317 -213 -941 -67 842
702 853 -338 31 974
-419 772 -705 967 136
46 343 79 -888 601
-199 848 -119 -214 86
-993 312 202 -726 -608
-494 735 -332 919 705
-928 84 -72 -795 -618
-114 -742 765 -235 725
-736 -596 663 -60 128
-534 773 969 -526 -769
125 998 763 182 -611
-829 -564 692 -869 -752
-782 -830 -210 -218 720
916 485 -899 -673 -570
204 -332 210 -32 462
-707 323 -981 -677 -70
337 974 23 852 -671
-294 -322 806 920 -891
-165 955 541 -491 210
296 -543 445 -952 586
-451 -736 991 -251 -528
-251 74 -320 -205 -468
36 -636 983 186 -927
-716 692 992 333 844
-917 -767 201 570 434
-706 508 825 -654 526
914 281 246 -964 260
189 491 -262 -901 -367
-595 691 -239 -580 -277
640 -998 170 956 204
-257 331 219 -312 -308
814 792 429 530 -502
-475 401 -467 102 -643
897 -958 -452 833 -18
-942 627 748 420 -429
-630 685 96 328 -994
-681 317 547 -704 905
-422 -835 -863 -347 584
589 464 -140 -544 115
453 326 149 -588 -59
239 152 349 218 -932
90 -190 588 804 158
-997 -750 -20 -207 -567
-891 -331 704 999 62
365 208 356 -463 358
[RUN #4 3 100]
562 -737 709
-569 -260 301
467 178 -593
-292 510 70
961 -567 503
436 842 -870
231 217 -227
934 -756 11
-161 -96 653
279 319 544
-711 706 -56
508 590 -14
-852 -952 -307
-595 -673 806
-120 -509 -154
-496 -807 -416
-703 -492 986
726 503 446
362 -580 -3
-296 -698 972
-304 -388 917
-482 691 87
-753 610 -497
842 -81 123
12 -16 949
-881 -677 -850
-191 -46 -185
-291 216 581
315 985 107
25 -619 264
659 713 -798
377 978 259
-792 -630 -780
-49 -681 -486
-403 -990 -62
-521 -73 729
-776 886 150
-545 183 10
-586 252 -524
74 -863 -261
-120 661 854
-382 792 -87
-369 455 -498
-931 -264 93
360 -707 960
269 -974 140
-641 92 68
572 -522 546
433 792 206
970 962 -715
-190 -661 934
680 -357 -588
253 314 35
-853 -391 -12
113 758 129
-590 -939 165
138 479 45
265 -958 -59
-105 -582 -758
-730 -897 221
-181 859 221
642 -491 -834
-538 -529 699
-772 14 -466
295 50 -189
-815 -252 -2
441 -191 -105
26 850 89
16 -943 -130
926 -153 -50
764 -741 -296
911 -745 -595
811 -474 679
-760 846 -976
376 226 941
390 299 -669
338 879 721
-559 525 363
-954 399 811
-197 -232 -103
124 525 819
836 -320 82
-115 -743 -954
-407 -194 -689
738 378 -384
-263 995 -126
-210 -135 -680
-134 -199 -521
-672 -843 87
435 340 -538
-887 -334 22
885 -821 -335
750 481 -969
957 433 993
935 -869 -182
272 251 416
154 507 496
-637 -93 -192
860 245 -700
253 -976 642
[RUN #5 2 100]
-893 288
87 935
-102 -143
131 316
-539 -463
96 -919
[RUN #6 2 100]
-589 -564
241 -442
-866 -71
[RUN #7 2 100]
-24 -518
406 -75
174 -980
923 -370
362 -981
-296 -454
264 8
-976 535
-538 44
286 656
-790 307
499 -804
593 623
17 360
405 -511
-320 -467
-122 345
861 160
773 724
495 39
397 465
965 -698
-405 112
44 215
-588 547
-747 576
-553 326
-509 -248
-908 -927
17 993
-79 -635
729 965
670 133
360 578
101 -717
-729 519
-92 -714
325 -842
864 738
-181 826
-657 -235
94 -451
-735 -669
-192 972
225 -573
-854 -614
-528 924
74 -187
-810 48
-91 -423
377 612
400 942
699 -443
-935 -224
-465 -318
-253 -949
-995 -344
-563 -207
-198 301
-791 836
593 183
-635 -273
-760 -998
195 -318
-508 52
557 -264
-99 -229
-805 829
442 -892
-398 -596
160 -5
786 217
-372 450
-424 859
311 509
-545 -239
-210 179
468 -535
-830 -233
371 394
-103 675
199 880
418 13
-944 457
-816 552
7 904
146 669
-619 582
-32 -807
-309 544
-488 73
423 -731
961 -502
574 335
-934 233
166 -414
-471 913
304 288
-59 47
783 165
[RUN #8 5 100]
-768 871 -367 840 -897
-501 -316 491 162 486
249 501 754 297 -489
[RUN #9 5 100]
945 -332 -185 302 -208
[RUN #10 5 100]
85 -639 -593 -504 923
368 -632 -964 34 482
[RUN #11 5 100]
-310 496 -317 22 -252
311 974 801 87 582
26 -7 -356 -238 337
61 334 -437 853 121
98 470 -349 690 502
-450 -768 -765 867 758
370 853 -703 29 66
724 352 -303 -602 123
477 60 207 809 -731
-660 -19 332 929 164
808 -13 531 527 -406
425 965 -355 -339 -248
-837 355 886 -134 333
[RUN #12 10 100]
-697 994 -504 -103 701 247 -106 391 -617 610
818 -118 753 337 451 887 -482 937 870 -367
-520 502 -708 -781 -804 754 769 -779 -445 675
-22 951 472 358 -909 -32 516 -31 -808 96
-68 -154 -32 487 -548 -6 -946 -856 -766 515
700 630 -576 -172 -446 920 169 -293 545 588
47 806 593 669 470 377 -903 -906 647 -322
890 -298 -410 778 -276 -264 929 798 -979 774
716 390 925 -204 -846 606 -464 217 -703 -303
[RUN #13 10 100]
270 719 -66 968 -816 799 392 -182 -203 428
854 614 -123 99 -755 -299 190 -635 234 -201
-598 596 -246 870 -35 -776 351 -403 100 -254
-168 -136 -523 677 671 290 -467 585 -485 -126
-756 655 315 394 -429 -605 91 742 -453 -694
-98 217 799 -80 610 256 -299 -490 741 568
126 -177 -66 873 41 -745 938 -861 563 -903
-546 -390 -580 252 261 18 309 377 -691 -201
-672 -17 660 301 409 -87 897 57 -201 -780
[RUN #14 10 100]
100 -643 321 48 -403 267 -828 264 -129 -726
-827 534 148 -867 -339 -658 -129 -205 -296 927
295 475 357 -100 208 813 -926 289 21 -187
-145 257 402 925 714 792 -573 213 911 458
387 -961 774 614 -665 777 -229 -35 472 -640
41 -526 -574 -460 577 505 107 -736 -715 346
824 160 -826 -800 -367 -56 -626 198 833 -194
5 -908 -879 -880 460 -478 -695 801 126 -869
-101 459 955 -894 -476 -409 668 -128 -48 1
-296 451 -573 739 -64 -988 -172 -823 -549 -719
-298 -826 510 619 -451 -946 -240 -798 -256 -864
509 652 -812 -682 419 442 473 539 804 19
-132 -212 -314 591 -28 -988 442 -532 914 -69
-937 -801 84 -123 -959 -73 -372 428 -925 402
-994 -930 822 982 109 -735 -553 -513 727 -909
978 48 -231 503 -328 974 -715 114 -738 -650
276 335 -45 489 631 103 523 -639 -114 221
-627 -180 582 -125 474 -212 -407 983 817 -609
967 -870 873 -290 227 881 -300 944 -90 -378
82 161 -907 289 -528 954 -980 333 233 -785
648 -499 -991 -539 652 675 -399 456 72 -903
-227 -283 -898 195 -199 -565 136 592 -411 412
-728 -267 100 -514 266 584 -385 590 201 -60
680 226 162 -579 410 781 264 -824 689 407
-652 337 77 577 430 435 27 346 -198 124
379 -680 -853 702 -881 -970 158 -594 -957 -792
-414 -694 15 -240 -909 -419 795 211 -974 -108
-559 580 518 745 786 447 -301 -706 -737 -696
948 584 -860 282 124 243 28 -816 970 -808
-134 -280 738 97 619 997 566 598 847 242
898 -269 -19 511 -225 268 309 -285 492 921
238 -643 -764 -290 230 -74 -319 -288 -716 611
-144 -973 692 189 216 426 -155 -361 -825 373
-710 -234 237 103 627 161 -356 695 499 -893
492 -341 -460 480 -639 553 -642 -442 -438 295
213 -178 -625 603 165 -716 186 -771 353 -670
-515 54 558 356 -409 -340 194 323 75 946
357 689 -665 -967 -662 -426 351 -502 955 756
959 -354 644 251 108 -137 -703 -753 -709 343
540 -339 708 -263 -868 -95 127 432 -501 -52
998 347 -872 318 -558 218 -65 601 591 -183
674 -207 626 16 191 -15 696 -914 -31 398
-354 -536 -827 631 675 635 -710 100 -458 679
-252 497 -95 -129 -369 -550 -620 193 -214 -231
-511 965 398 -2 258 762 -271 49 -16 221
243 -894 -337 714 861 133 669 -361 -878 112
-268 -585 -671 307 -385 232 -762 -109 -754 438
713 -885 -310 264 -547 971 138 719 -482 717
-293 -436 -501 -805 -539 -756 676 -792 613 810
-135 -392 -275 517 -926 466 -203 72 -26 799
83 302 682 -569 451 589 462 826 46 -246
-379 -837 -681 -363 260 -180 227 436 -689 262
-982 219 303 1 988 -524 -961 621 -297 572
-418 730 -494 -517 446 -721 716 749 -966 -772
797 -289 407 -298 -144 492 -101 -174 143 891
930 -846 -228 419 993 -456 -24 -335 905 -180
401 -476 921 -213 -753 197 856 750 935 -84
-702 -162 543 541 961 -320 -210 906 -554 -827
-585 921 -734 268 70 166 -683 356 707 105
-767 -931 861 -280 -893 156 701 -648 -972 -896
176 -493 843 -210 153 -828 601 358 -988 -544
305 777 -595 -721 694 -894 -846 -544 -878 374
637 -606 13 -918 4 -189 912 872 -517 -855
-723 786 -48 -33 -736 -449 -473 27 -492 -472
692 45 569 865 16 134 -351 414 252 -662
-666 -462 241 -342 777 670 -422 -378 159 315
-805 857 -182 44 -45 625 869 -942 -601 -688
696 -196 -210 -24 280 622 674 16 -655 148
-885 -365 738 -625 920 -763 864 997 780 69
90 -345 568 -233 -572 -317 -56 80 642 517
211 -191 -181 -799 540 845 -974 -57 295 -964
664 70 -579 -8 -714 -963 945 666 -951 430
712 -630 -162 -944 376 -676 -14 554 778 137
-94 -188 -454 984 -737 400 440 -634 7 641
-418 -276 964 -689 -544 -180 167 -151 -334 263
-64 -905 125 849 -673 -229 494 835 119 -108
410 771 -974 -290 471 213 971 -31 182 -222
-134 208 189 741 -848 778 -146 333 900 -349
375 -484 288 823 -948 871 -757 -209 766 319
-269 354 100 -678 -560 893 265 -846 749 657
172 736 -201 925 885 -831 -972 -736 -482 694
-168 -189 -7 174 712 133 405 825 -169 -27
-996 -83 808 -173 -479 555 -513 -42 -541 -286
-815 229 -366 638 -620 474 511 -367 191 -183
-389 472 993 -951 -502 714 100 305 -352 41
-920 423 -76 -763 342 811 -728 775 -385 -858
-198 807 -612 -892 -920 -91 -66 129 557 -13
-891 -938 -675 656 510 -150 702 -464 -5 49
-915 -571 616 -385 -736 633 526 556 -577 -218
-209 934 711 340 229 112 -998 36 -343 595
-534 -446 982 378 -293 -392 12 -484 -304 -403
60 -167 -676 941 -611 440 351 -481 -479 36
-691 -880 183 -583 196 -33 -940 119 -757 -842
150 -569 895 -907 -573 -409 776 501 -742 890
979 497 192 -810 84 -252 -405 -738 27 409
309 311 -34 -195 -85 -19 302 -511 -436 -698
425 -774 803 -483 422 -161 -402 -307 646 471
-29 -741 -818 -473 980 -181 78 18 463 763
-122 -470 858 433 -850 -515 742 -841 15 527
271 249 715 933 -313 734 599 -502 -982 -752
[RUN #15 5 100]
-434 -962 -5 449 -835
-954 139 -765 515 -969
-203 -740 175 -950 863
935 685 400 527 639
161 -54 788 429 -491
-829 -572 -50 -883 -123
-712 -202 729 -55 -971
-138 -770 123 160 232
-733 -911 155 162 607
-406 -560 -73 969 443
537 919 319 -399 -506
920 -905 78 -616 -78
285 -595 64 -646 -713
79 968 -591 898 184
851 -412 0 -643 534
-491 -21 161 552 -921
-988 273 129 790 829
-783 977 -284 -788 433
270 -747 188 105 -592
566 -444 522 -661 -256
-819 -420 825 288 81
-734 -462 1 464 -703
-930 775 957 -329 724
642 510 402 290 -17
-58 627 -874 -650 -445
-963 -686 273 -599 -562
391 662 768 468 813
543 -377 123 -193 -418
292 -98 -864 -529 353
-172 -528 -645 -784 -189
121 -761 751 76 -393
-834 831 -809 505 444
-553 -702 13 323 430
657 520 -740 121 -823
-228 334 -400 -397 -128
-379 -976 87 -352 230
19 329 16 684 497
57 -665 -384 621 97
864 616 753 689 691
279 -712 605 -491 230
-420 973 816 -959 -565
563 713 182 -22 317
485 -290 -24 487 61
220 455 -553 235 -108
596 -811 768 701 -442
567 731 -381 682 495
224 226 -813 178 87
-880 44 288 -974 -274
53 69 -827 -942 307
-319 693 500 -990 66
397 -424 -340 -852 -195
346 966 539 -355 -947
128 -106 777 186 -68
-389 436 -842 -782 58
924 126 184 337 -870
-841 123 827 -980 740
-651 8 -255 654 -736
16 746 264 -454 -679
-516 279 -242 75 30
954 -729 295 15 178
177 233 -274 -507 163
-861 -741 -653 521 -2
779 586 946 -691 -212
346 -41 -17 -328 197
159 -155 498 -941 -261
987 431 310 395 -871
558 269 726 984 196
-626 667 852 -147 -671
898 911 -622 39 -294
-551 482 860 942 38
256 -869 700 -603 456
-23 476 191 243 874
-110 17 970 -230 464
668 -872 -347 119 -255
122 -404 284 -478 -60
467 -403 -622 565 507
500 19 749 -48 87
-392 556 -92 733 -185
672 -150 -596 -219 496
382 -658 -559 -178 -660
-879 85 208 59 567
-562 -253 -705 -94 -606
-359 -849 -32 30 38
877 754 721 559 981
-431 -637 80 -905 951
504 93 508 -750 -83
407 -451 339 814 -882
265 415 -146 -310 499
-695 406 691 -747 873
-128 -666 -211 -452 -27
967 -78 -824 -678 378
344 777 792 351 -345
423 -949 -269 240 506
-59 610 893 -731 372
60 276 957 -588 -793
807 272 629 437 -38
694 149 336 574 599
342 -503 -69 -800 -273
-505 -212 665 677 809
-165 -419 -912 268 297
[RUN #16 5 100]
785 770 -60 -706 906
-586 -332 -756 -558 362
674 511 -366 309 -632
589 -595 -677 -415 693
754 259 -130 -424 773
78 845 949 -159 -537
-543 -796 -565 738 830
505 -38 148 -836 -854
877 -854 87 -262 465
-49 -107 -55 136 58
762 220 331 -887 -839
5 -614 720 -392 567
-345 -629 100 -753 -766
110 125 -976 84 -80
-247 -511 0 -712 483
642 -209 316 543 610
56 800 434 357 -763
851 186 -846 428 966
-101 872 -520 -503 -352
656 -301 854 -914 -341
12 -164 360 -615 -911
892 941 897 284 388
-537 636 -712 466 -754
-948 805 -13 -84 239
-347 887 -83 139 -898
845 -527 1 773 -409
-866 -508 607 -432 -865
841 -387 442 645 -124
-476 927 -673 896 -123
-996 747 -524 84 -904
-123 -597 -721 -294 -255
987 607 481 -453 372
146 -220 -760 648 -973
-943 800 -878 -273 256
45 -99 -440 -164 245
-792 940 786 -895 -132
812 253 119 -983 -447
945 -350 -257 -541 693
360 118 590 820 810
983 455 519 -354 745
-374 843 236 698 -566
306 776 259 -178 -393
-386 -474 499 -155 796
-877 682 -421 405 734
-253 -912 -282 -977 -749
-624 711 -450 190 504
439 -199 -105 -945 -67
55 -393 440 614 -507
787 996 -275 -267 571
794 736 920 -780 -821
284 683 -976 -960 -254
115 -448 848 482 807
-913 -25 -722 248 2
717 -828 -797 -270 -573
561 -686 -912 814 46
-733 -449 -374 -132 279
213 -712 -150 -305 -162
369 -179 -167 146 -503
-5 291 415 -373 -632
-822 180 -61 594 43
-941 25 274 -96 -349
-8 -74 -841 263 212
-412 559 -881 -453 -730
985 -410 -124 -392 -487
-82 430 891 449 -920
493 345 -776 -995 176
193 -738 469 -690 -301
36 527 -115 -423 -735
-721 63 983 661 -479
-618 -994 954 -701 -639
690 634 117 -897 -739
-545 450 -801 740 -661
866 -616 -703 -873 684
-661 -403 164 326 338
112 -61 -55 -837 377
-777 767 -125 956 904
-322 611 -495 687 414
-264 -245 -874 -626 110
-3 -712 557 661 -490
990 123 215 -392 -457
-796 355 947 459 661
279 -367 319 652 532
-619 77 -308 527 -125
887 616 -519 768 22
-667 -649 307 -491 630
-634 -525 313 -75 221
69 534 374 482 365
626 -118 -239 -170 -908
-780 906 -551 630 956
559 -696 839 868 832
-607 54 91 -78 -533
-348 50 -514 763 -193
570 -155 375 858 -541
981 34 9 964 510
730 270 -690 607 608
-266 -600 117 -747 -392
-802 585 432 988 997
-991 588 580 90 -109
-614 -381 769 225 50
203 -602 -67 -219 -421
[RUN #17 5 100]
27 612 -771 768 -701
-84 662 -929 -219 603
238 494 -648 -25 192
-786 -640 -799 -944 -259
-175 -728 957 729 -129
-253 -986 -244 476 -847
-897 -15 -785 -399 597
137 -594 -257 636 65
-958 810 -782 -440 437
-139 -827 -165 529 -114
-512 -883 -494 -824 -307
525 -498 -469 -7 -172
-877 885 806 -985 -486
-215 645 757 333 575
120 755 -360 -811 882
-127 240 746 -762 -459
-779 255 30 770 889
-310 606 -454 -311 -291
-4 159 -832 -701 -21
962 -34 724 443 -537
191 428 -773 -10 -959
349 -391 385 874 249
-16 -140 589 286 379
-915 -358 159 -2 -600
549 -358 431 797 926
-84 -217 -860 -87 -321
-20 -858 -869 167 -379
604 -209 523 749 -92
-684 514 991 499 555
175 -740 200 164 84
830 -234 803 -371 -701
-106 104 -858 -618 -255
-415 541 414 482 -522
69 -419 576 -397 -470
-525 -427 718 -892 -420
-20 -350 -953 -468 -281
413 -205 -212 -899 870
494 152 259 122 -210
-344 -740 -944 741 -550
893 -640 474 57 -431
834 874 855 985 222
445 971 307 -19 -536
710 675 782 -831 -757
85 -268 885 83 -193
920 383 -479 643 -829
-299 104 392 641 -450
-394 680 792 141 238
288 -200 808 25 108
-808 -176 -539 -154 855
622 -610 -178 -161 -836
237 -217 -319 -242 -949
-786 607 85 258 334
911 222 -319 -249 -675
691 -841 984 272 -991
630 525 466 -619 347
-365 698 -36 -161 -811
-483 294 278 -255 101
-576 -618 479 -808 -112
639 -489 -25 87 -560
-646 -948 -285 -947 399
-372 -148 567 0 513
-304 -17 -230 537 -184
905 525 825 -483 619
748 507 -621 340 -415
-798 787 950 -338 -566
-80 174 -148 228 -579
-692 -299 -433 232 145
-857 913 -211 -353 806
670 -805 -126 884 538
413 24 312 -983 348
-224 -20 832 -443 -1
-788 -487 410 -813 -520
-38 969 72 120 952
-135 -301 -922 -398 -227
559 118 963 -606 499
848 -947 -145 -343 -726
-830 565 897 -738 -429
730 -354 807 72 -461
-223 -139 -203 253 -797
123 453 -487 316 -835
-220 -249 356 133 -423
337 699 -884 -466 944
462 117 672 -960 358
966 94 -862 833 -72
-792 -597 793 -697 -993
-392 -716 125 112 -221
89 179 935 -734 -394
-17 -435 997 537 46
-256 237 936 36 -483
929 -992 92 551 -462
204 -803 865 255 401
804 752 -719 539 57
-678 661 -167 578 -63
944 -801 926 576 202
-633 -844 -712 -989 -325
-5 -248 -495 840 467
251 581 -181 -641 -196
967 311 -819 891 -540
-267 -687 827 -713 51
-426 -524 -792 -309 -656
[RUN #18 10 100]
-235 -230 -217 -619 382 1 352 394 -964 -199
495 -848 958 695 48 628 269 -641 -309 702
456 -711 -762 -689 -468 685 -547 -408 940 -368
9 152 131 -810 -317 916 915 38 -189 -945
369 -667 -151 -561 -743 -141 58 -980 933 -536
-853 -540 -973 -947 967 341 -630 372 819 -459
624 299 -734 -379 -813 -885 829 893 -864 200
-172 -215 690 -811 -372 -106 142 -670 -616 751
-797 -228 -16 460 -217 993 -385 445 -278 525
190 -639 567 -220 201 453 834 388 -808 141
-565 -77 -249 -385 243 -859 -136 870 309 -245
782 -911 780 936 -31 -844 -856 -846 -389 -318
-460 -716 -884 -558 -846 -340 -86 -23 -952 479
-483 556 -433 836 586 -620 1 481 -874 743
44 679 -689 -322 869 783 728 859 283 734
896 -552 -867 710 24 -315 858 -413 -791 -715
338 53 -728 -854 -402 -228 -857 230 -483 -75
-954 -995 -893 -246 835 -505 -740 684 -474 -213
-805 -775 148 415 -63 -899 -987 -472 892 401
-384 22 -830 -792 115 -221 -470 720 978 747
721 -645 385 928 138 552 -621 377 -979 787
753 142 -49 -485 799 399 -66 -417 683 -406
346 501 513 -253 786 -882 -924 -403 768 699
556 603 910 893 -69 -126 -400 6 -910 465
-682 -193 487 -99 -535 84 551 476 -106 -105
-829 -671 -731 46 605 -124 -457 966 -143 724
691 924 269 -729 -142 830 44 -684 371 -117
-551 72 50 -70 -263 -632 538 -928 447 -907
229 203 636 912 946 318 -299 297 742 88
878 332 -240 316 963 954 -221 318 -434 210
274 632 -424 28 220 893 376 256 -425 513
-558 -790 601 -522 -44 631 125 871 -476 71
802 -454 596 -881 731 -866 -475 -567 -1000 960
-543 -276 -325 -252 -899 170 815 900 -788 940
254 -2 -523 -266 -115 649 511 -905 904 -726
806 646 -62 -146 22 -957 -213 44 -732 982
-496 451 -629 824 48 -410 -74 -962 697 25
696 -778 47 -208 858 -185 -419 213 984 485
-748 989 -981 782 840 647 -521 918 -47 105
-638 -40 848 198 405 527 320 -613 -962 925
668 -728 -95 -647 -251 -20 859 -386 -258 -522
997 789 -607 470 396 710 -332 334 -338 739
-982 558 961 268 890 -433 -183 60 -648 -487
-758 -628 -493 375 -880 -512 -567 951 -516 522
392 -526 -749 715 52 -619 141 438 -460 785
613 938 668 926 720 -365 652 -75 -630 951
-12 78 600 795 704 77 -662 -868 231 259
50 -224 -869 175 -818 -147 278 824 -835 -6
241 100 -165 -383 -78 341 -291 647 -793 302
960 685 682 569 164 -575 632 764 -727 907
-792 -52 268 417 -110 -988 606 -874 -866 956
739 -166 828 -529 -789 798 -642 918 902 580
383 942 442 693 676 -50 925 -146 572 388
331 -195 66 -237 645 324 741 923 430 200
-351 -442 384 278 -269 309 393 -257 -429 -131
996 -797 -901 -884 204 714 12 -948 -821 210
910 -804 440 -461 -450 581 -152 616 196 -741
539 191 493 -597 869 479 944 -561 6 133
356 790 -263 -375 -890 631 -684 -291 -437 951
236 412 -107 632 876 -610 -578 794 705 -619
-601 -761 -692 346 -453 910 155 -91 -639 -315
849 -868 -252 344 -879 361 -903 -666 -412 607
434 578 46 484 741 -456 991 639 140 796
105 349 626 -30 -781 748 248 -461 23 676
265 978 -698 965 382 -996 183 216 534 -304
-47 -967 -147 -423 73 391 664 -802 -659 -884
-811 855 -91 -207 -12 870 -719 616 -979 -698
381 562 -589 -791 -424 -758 490 -992 -70 -312
977 567 715 683 -740 324 144 -824 947 513
-57 460 288 892 -383 -414 874 640 -885 388
184 385 152 753 -605 -361 850 479 -808 -246
-771 -835 -267 -898 -585 -136 -48 91 -181 29
57 21 303 -129 -700 -982 135 -205 -712 -188
-947 -873 -799 -901 20 -723 393 842 119 -754
-189 -677 -472 -725 -963 -293 -28 182 911 -291
155 -860 -403 -288 498 -735 739 964 538 -88
-535 908 -520 932 604 -433 -971 791 -475 963
509 248 652 336 -249 392 426 874 -355 -809
92 621 -391 -403 952 150 -682 468 -337 830
179 -484 -103 787 -10 -69 576 75 -568 -838
226 -237 -871 -740 -48 -575 -967 -205 40 690
-101 336 236 673 -890 -280 175 -510 -825 -696
680 -994 2 901 291 -510 861 174 130 -419
178 140 735 741 -847 403 736 -505 -462 -441
-482 886 -809 416 -545 -343 285 982 372 521
21 -439 -13 -707 300 -141 -983 -189 716 330
-924 475 -65 106 372 -335 -134 89 100 468
330 -359 820 10 -649 -876 -277 524 734 417
135 -874 222 -895 623 -910 800 691 371 -764
974 750 63 492 -212 -934 14 -780 -790 791
-476 -195 -913 933 333 -23 242 -763 -839 111
364 439 -621 -889 472 -410 656 721 -534 -26
-702 -383 638 839 682 116 -927 -741 -883 805
-88 225 382 128 -947 -109 -941 -977 31 962
-89 -631 120 -51 856 -263 -100 -966 535 996
-641 -229 -759 -378 -653 595 509 -726 -976 614
172 863 -785 -22 201 294 52 -361 -864 -590
-936 18 -341 -594 342 -718 -989 -362 569 -744
473 144 316 -919 -538 136 162 -895 -727 -631
-605 -993 -35 884 592 -686 -465 565 815 -896
[RUN #19 3 100]
-200 -75 -362
-758 -391 -804
-418 671 -727
-192 -336 -916
-840 -764 729
113 614 -501
46 494 127
394 429 -331
350 666 935
858 -854 -776
369 -713 250
217 469 167
146 -964 350
422 112 818
-17 7 -770
-363 -982 727
-838 -464 690
-733 -790 822
480 -400 -216
869 195 920
177 857 258
-467 890 811
116 -397 -973
171 313 624
632 -74 -325
991 313 902
-21 -657 288
-642 365 -262
-82 -476 488
698 715 184
-997 459 2
586 -389 517
-695 107 -142
-93 959 -457
911 -620 -365
304 913 378
-122 891 -401
483 106 -741
-549 -986 -818
-452 896 999
-304 24 -300
982 -685 -88
40 137 51
548 85 -880
413 931 -378
936 339 854
-403 384 -942
558 806 -910
805 -146 -463
910 950 -549
287 363 838
-661 258 -720
623 752 952
-601 37 154
523 -39 325
-749 -310 275
826 -567 -931
866 574 -76
652 -78 -144
-324 107 181
977 -488 -324
263 366 -194
-722 406 109
-867 -917 7
479 -292 -44
273 -988 -651
521 335 -293
-242 993 827
-119 -689 500
-57 -534 292
-433 340 -295
-791 5 -942
604 -817 828
307 999 739
9 724 -550
-661 -340 200
-312 -262 -95
-460 350 845
-369 -585 915
274 622 -252
63 -865 -18
121 184 902
818 -163 -753
-622 -360 -796
-911 221 -729
-880 974 605
-665 102 -49
-351 583 -794
619 165 -11
300 -35 500
-471 738 805
-22 347 -172
212 839 -477
353 360 474
-918 719 781
-389 -58 -214
-265 -105 99
-817 -997 0
-372 396 -657
702 388 767
[RUN #20 2 100]
691 837
-94 -451
-341 -111
51 480
-729 932
548 -490
800 -712
931 521
-27 -627
-347 276
566 -112
8 -502
-277 821
128 366
701 452
-71 -907
-281 -176
-700 -834
526 -801
419 656
989 -144
829 545
950 818
934 -59
178 -321
890 -138
-732 -91
-637 -869
-442 560
766 -649
-240 -501
-464 549
-248 -680
855 964
431 -422
289 61
99 -531
-289 -783
660 804
-847 951
620 -584
-269 -530
188 924
-631 371
-461 624
647 128
-460 -339
874 143
-40 -526
176 -40
914 -858
373 -291
50 -15
547 564
355 -697
-939 12
-491 269
157 903
-706 896
-209 291
-91 -574
-692 674
-178 528
-706 -317
-140 -723
281 -598
458 -779
-345 -85
-177 -344
285 753
-74 -323
990 -133
431 -918
-998 -941
810 563
-301 693
-293 -451
-791 535
137 -227
336 -768
-387 -11
904 292
453 576
-551 483
556 727
-555 158
-254 -643
-514 745
-536 -197
289 411
216 53
700 -51
-929 -181
-326 -683
761 -124
717 874
909 42
192 -963
809 -558
-174 189
[RUN #21 100 100]
929 -634 -447 996 870 -618 -656 863 -111 -541 48 -795 -562 -931 207 -783 958 882 -961 -65 -312 106 -678 -974 -943 702 766 -152 817 505 777 54 -174 -704 874 -813 -96 -587 -490 681 -971 675 -935 216 -906 -796 96 -510 -842 -876 258 157 385 667 -769 447 -347 -706 109 621 206 741 -215 356 -941 60 993 97 -35 -66 -596 962 -80 -255 -805 407 -472 976 558 -786 933 365 823 -448 -200 -164 128 -404 -424 409 -904 -78 -108 484 -49 114 -55 -603 -18 244
-256 -125 289 -925 106 900 -934 760 -51 701 133 -7 -427 941 -873 995 453 -341 846 204 535 347 196 56 566 800 -371 -455 -795 -246 31 645 691 703 -233 252 -968 552 743 -710 199 85 -26 -907 8 -906 614 -677 -150 -250 -473 556 558 528 83 -247 -36 -463 -781 270 955 668 -588 -520 655 300 835 -290 424 -625 -913 491 -190 679 876 -579 -215 -121 53 -834 -543 -39 905 353 719 -999 738 -595 852 -387 -399 572 833 -916 233 -566 -737 -986 -863 232
906 714 -39 656 -536 -980 -853 -332 -924 -289 42 -956 -405 682 679 -207 -824 -479 105 -494 502 576 -97 -822 221 -771 -841 -973 400 976 -773 269 -631 470 -156 -915 126 -362 362 508 -985 -296 316 -26 417 -5 426 -934 -447 956 860 -605 545 -384 530 557 -730 569 428 226 582 253 913 -62 -801 33 786 413 882 912 265 -64 -34 467 110 -626 -599 -242 526 -653 58 -779 26 551 630 -500 127 200 549 -140 -843 -685 -236 -385 -292 -749 -12 376 -539 925
-749 789 788 326 235 510 -648 -249 -692 690 864 -505 482 503 481 -217 80 619 682 420 644 739 508 -304 312 905 -627 -125 -984 645 -855 -121 -373 197 -784 -941 203 185 637 109 -351 706 961 444 23 862 10 -966 -57 -83 32 595 774 -999 -464 -103 -924 -194 -972 5 596 -963 695 -800 223 -384 -516 509 -828 -433 -704 654 -587 838 947 -245 285 271 542 -458 52 421 -210 277 152 343 -718 -69 -837 -174 -829 -713 486 -791 346 583 -104 -810 269 -707
-9 -886 425 185 401 157 -815 771 -171 -872 385 -398 713 -835 286 829 -587 -276 -882 -4 285 779 770 271 156 -406 -573 236 -786 -985 576 -62 421 520 -157 -236 -210 -915 -144 674 -74 -896 -232 715 -867 274 818 478 -318 337 -393 -909 -797 -610 983 267 998 717 -2 -549 -516 457 566 -518 -111 -902 731 184 258 183 766 378 -597 -180 -481 390 -328 465 -153 -483 -5 -519 602 563 529 606 -712 678 684 906 -491 -794 649 816 -383 -43 -521 -840 -995 -235
-296 -573 -692 357 594 -235 -902 -728 598 576 820 -776 -109 669 384 984 -856 958 -850 93 29 -44 -783 884 822 31 76 663 -971 -718 94 -628 -858 -691 -428 -551 156 214 -753 -318 -375 563 -126 -636 -543 -143 234 441 -526 -117 -605 933 650 399 -391 -466 -996 424 501 -601 175 -662 390 827 -507 411 -67 388 336 905 -275 837 351 -833 793 826 997 347 56 -495 -327 -678 695 -483 -961 -336 -74 615 -714 -122 734 -384 597 -472 999 -689 -739 942 -746 -941
-523 40 -183 895 998 -979 866 -953 -169 -543 255 599 -782 918 956 205 964 -320 -569 996 346 350 -507 -415 -604 412 -987 -355 -498 -707 23 527 700 274 465 561 -308 857 -439 -450 1 -673 637 324 839 470 294 -59 -431 419 2 -567 81 129 -541 833 -282 -619 568 -768 328 -400 179 -482 99 -16 774 898 562 889 -946 817 -565 732 685 311 124 -648 573 798 879 -140 222 20 -485 515 787 172 -17 383 -317 106 -788 310 -462 194 -594 -396 -711 457
61 -48 908 -304 -847 -256 166 -464 883 -403 -485 507 396 697 52 -606 -825 -97 733 346 906 -66 547 571 839 -956 881 791 800 121 -254 258 344 470 -315 37 -477 -461 188 -852 -112 -475 -328 675 -261 283 -993 -183 -522 -199 -417 -368 494 614 195 -705 149 -862 -282 -96 -625 -26 668 41 -384 -808 -252 -697 944 -236 -163 -355 -565 296 -696 146 -657 148 141 760 -329 -6 -694 988 -581 -24 -72 3 324 703 520 462 -850 8 216 -496 294 -165 -222 100
-772 -754 -239 741 -456 -587 79 -389 933 258 -366 -314 -681 -231 805 405 928 482 698 559 -807 -399 -910 5 870 974 362 893 969 876 497 -263 904 66 609 569 404 -177 -540 -850 261 -812 134 596 -737 891 -10 600 -736 -491 -575 -691 182 -351 588 -846 730 28 -479 -364 381 844 -677 -919 -219 -906 -147 33 -8 -866 -704 395 916 581 -508 -224 257 606 -324 -875 421 937 -821 -208 -523 -289 731 -273 -670 173 179 280 -586 -158 511 330 -265 -660 -183 -47
641 188 -816 355 58 4 652 -313 -788 -285 502 266 108 -991 -405 -853 596 532 993 -513 -927 849 424 -736 762 93 -306 -463 768 102 142 602 -45 -208 964 -255 690 256 375 -553 -667 656 -414 90 -42 -266 -525 271 -833 268 157 579 -500 577 135 -323 -571 -894 939 -802 913 -369 325 105 -307 605 -835 -863 859 -561 -680 -273 391 180 755 -79 814 -99 -356 -506 905 -847 -503 331 603 -675 95 -97 246 807 -427 805 929 112 759 530 217 -57 280 896
594 -275 25 554 -185 -98 -942 895 -286 2 -798 -47 169 -99 237 635 556 677 550 -447 -173 503 -647 620 -131 -783 -441 -61 230 482 -248 624 -474 -957 -845 -565 961 471 388 -983 776 506 225 -394 -250 605 289 -975 -36 331 -435 -756 4 -964 -733 14 359 674 -414 638 846 673 104 714 450 98 -623 706 73 -587 953 -970 -686 926 -822 -344 807 -885 -92 -333 552 703 940 693 -431 -713 338 -39 -85 916 192 340 988 662 -315 -690 -500 -308 421 -569
-247 -855 -559 -409 -700 -612 -999 302 -198 560 290 828 435 237 718 -133 956 744 712 628 240 -404 -773 611 -769 -883 24 -395 -398 82 869 379 -826 277 -465 853 509 -179 319 -142 -462 516 748 897 -572 -660 -964 -207 794 -797 -347 648 415 898 -909 -105 626 486 705 -952 -327 -46 136 601 217 -584 607 79 -896 286 983 -276 533 -536 -278 926 481 -202 571 -880 -470 52 -320 441 -539 -915 548 -723 -361 617 252 408 -39 163 -684 -825 -588 556 -627 353
-246 410 4 -23 446 -116 -202 -708 77 -551 -451 750 290 616 119 -392 424 512 149 -734 -707 677 626 70 675 930 -863 -175 331 -679 394 -507 -817 981 679 7 653 472 -355 -524 855 488 -142 -637 -540 351 150 499 -701 589 -124 862 401 -534 875 -968 186 -377 -220 -836 405 671 -668 -139 -245 190 -684 92 -297 509 783 255 159 -222 779 824 -749 868 -235 -602 -752 640 901 -910 -692 962 93 400 73 388 -936 132 461 406 -19 -421 662 -131 210 357
495 -126 619 842 355 300 456 -104 -716 -558 292 -594 -835 -886 -75 244 280 -218 -586 654 -295 959 592 965 -72 991 -632 -672 -105 -989 -949 -136 124 835 493 3 -416 496 -863 607 -87 -676 -740 173 424 677 -983 -313 -816 171 947 880 976 807 505 -196 -631 -934 -109 -32 -680 -407 -564 -975 -760 -773 -388 -236 671 -325 217 606 -153 742 946 759 542 -665 185 -876 886 -272 992 -269 293 180 -761 86 -472 -522 768 523 831 790 -170 996 735 874 478 367
928 888 -324 316 -224 758 -336 712 -135 478 -555 367 807 -820 2 63 220 -125 -119 -887 531 289 79 -727 -301 370 -137 652 218 -20 694 454 383 -136 -528 642 315 859 -193 324 -464 -572 444 567 -797 -846 -941 -744 -961 -43 -497 -359 592 -658 10 430 -347 -489 667 -338 -514 -217 -869 -358 113 -549 292 -655 632 -494 12 3 17 -318 -388 895 264 -809 -581 -712 25 132 -340 -394 -571 521 806 -899 -132 428 -357 -317 105 189 -325 -622 495 735 722 407
-282 286 255 754 396 -292 -198 -893 698 -229 204 982 985 779 596 660 842 -271 -636 -168 -110 -755 722 -675 586 -32 101 -887 -165 -45 -848 -545 -397 240 806 582 239 -94 541 -129 -458 547 963 960 -868 -202 -797 111 831 869 133 -90 -8 2 461 -761 -416 103 560 336 -172 -118 -224 731 -405 -789 -783 971 382 -161 663 122 -23 -665 -327 37 377 606 -356 121 -484 -890 -656 435 -984 4 -180 996 191 549 424 -520 807 -818 -693 -13 -81 -716 -592 695
346 -400 -866 -730 -443 957 436 -356 144 542 -910 559 -321 486 311 -96 -716 -171 474 252 -313 -316 949 -718 158 19 218 -908 -844 194 -45 133 663 -501 -830 -902 -988 482 -742 -553 24 -500 668 -56 -816 953 40 -540 55 464 626 299 -644 -402 440 -759 -151 -586 -529 391 -790 -84 753 849 -234 -764 965 -681 -955 145 -648 429 397 -951 -993 -193 -628 -931 520 633 43 -125 -54 65 607 662 -917 58 -602 510 -386 565 721 -856 812 745 -997 515 -188 741
-324 400 916 468 288 -111 -416 -125 73 -730 -849 61 93 130 53 325 -44 -226 418 570 477 -933 -718 -407 -323 333 636 336 -84 402 913 188 393 -737 639 901 703 140 609 -406 -865 -592 -614 965 136 -683 -396 398 -417 712 265 -223 -395 -227 241 -397 961 -600 -263 654 493 50 -153 254 -472 882 982 699 175 573 -586 -610 149 -500 328 -806 171 -882 147 -358 -165 340 704 -609 -441 595 26 -976 436 321 -628 177 -754 -179 -369 -611 -550 280 -387 -620
287 67 -588 -643 -938 -72 -935 -85 697 739 -184 -86 97 614 -395 199 533 -332 -81 200 -51 -665 132 -234 -571 338 -335 706 784 112 736 119 -175 809 -575 32 -155 317 -878 -150 -697 704 807 -852 389 502 -93 -689 465 -670 437 -436 472 -782 -107 -540 770 495 172 107 922 713 737 150 -500 717 357 -362 -196 773 233 -17 -808 -948 645 -455 -216 -843 -630 195 -947 347 302 351 42 19 988 7 443 -888 -769 -658 -96 848 751 939 -174 -347 280 473
962 472 692 -981 742 352 -685 -744 454 -825 42 195 -585 743 -570 -115 447 548 142 904 985 503 693 724 -696 -182 -389 -777 317 115 758 -10 -81 988 462 -841 -421 266 361 -458 239 95 930 -151 -673 761 -350 -746 -321 336 -525 -82 119 87 660 -402 -800 366 -35 850 553 720 -828 -130 -225 191 300 -271 667 -561 256 933 171 976 -663 -374 -168 609 -125 861 -608 995 -147 702 -275 263 306 70 387 -157 -756 920 -986 165 -783 -502 -904 -847 -293 -845
536 730 -445 912 518 -939 -732 325 -664 329 -635 622 -885 -54 -392 480 48 156 -275 -842 377 -853 770 -663 -256 -487 -357 532 -61 825 -457 -158 -376 304 -221 239 404 -456 -459 573 -417 96 425 -592 169 -763 992 -356 -404 -150 177 956 254 874 -113 243 -505 897 -822 -244 824 -353 -347 204 28 -985 -28 -69 653 272 845 -852 584 -547 110 -768 650 123 -259 -477 580 977 852 -499 -661 879 660 -163 80 801 748 537 -879 -944 -865 -835 -773 133 422 -385
-557 -651 -292 139 -403 887 729 950 460 -772 -636 438 56 358 -952 -371 913 -613 795 -84 -180 -800 -320 -587 -307 -27 -859 928 -340 840 473 691 978 -821 439 -22 -431 -546 965 -901 934 761 854 -747 -909 848 -113 155 676 -369 78 832 -260 -642 -487 -197 -47 -481 935 -888 -13 102 696 -278 -612 -914 865 -327 -417 829 -646 -265 668 -161 263 255 -98 511 223 980 250 -512 -571 868 207 481 783 949 21 944 68 653 98 -228 -121 797 916 142 486 -385
-668 479 -66 106 -249 -48 801 701 496 872 247 -284 685 891 -598 703 50 -472 -651 745 830 -562 232 -797 -762 66 568 -297 -58 -583 27 853 527 -397 -95 -703 122 -665 712 889 -418 249 -690 837 -344 -238 -153 552 488 -520 863 538 -53 -546 632 43 -619 -376 380 379 -325 831 176 -489 21 -158 -16 -331 13 855 861 500 -837 -935 -544 288 -527 -375 -711 470 -349 -897 -832 212 -185 -787 -889 695 -959 412 710 -891 -752 393 -148 -530 -71 -608 -635 952
782 -629 -693 913 992 824 221 819 -511 205 87 -109 75 -219 415 -300 -127 -398 744 -321 -535 -523 69 -597 472 881 -780 793 193 -969 685 -821 -116 -388 -269 441 195 807 -599 589 -917 -584 -340 923 -828 -58 -423 -367 794 229 413 144 -845 -305 98 953 -141 885 -226 -186 -220 763 461 369 594 185 84 -603 986 -981 -151 314 -181 735 -38 833 443 -308 -284 -190 -643 -887 -203 867 929 -462 -422 382 -185 -813 -501 294 303 -36 -96 640 421 321 9 638
-849 270 -21 928 -203 -313 415 65 978 -232 -206 570 -238 -365 632 -115 727 -33 -799 -885 289 -607 316 -448 -806 -177 -961 -422 540 -474 302 -571 -373 586 190 940 706 9 965 366 373 -351 992 -414 580 -50 699 -998 340 607 312 74 -438 239 -14 -149 320 -749 -741 907 507 301 481 -954 657 -559 -959 -660 -3 -725 -991 128 -731 674 -909 -819 390 905 -654 144 -637 -57 79 952 527 -601 -176 903 -664 -279 -77 -858 565 856 175 999 932 -336 -630 273
854 311 731 86 -316 641 956 -419 847 -546 787 676 909 -201 -139 -306 -142 -185 -376 371 -284 -259 380 740 742 681 455 20 806 434 626 -338 475 -916 -399 680 987 860 -26 -122 178 393 713 -341 -920 957 -768 602 500 -297 900 12 -788 736 165 -712 -876 -441 381 -519 -686 -716 -103 -775 -527 229 -881 -913 378 204 -213 875 741 -619 203 761 278 -885 257 368 -239 490 -479 11 -301 841 576 897 -230 -170 64 -601 -487 -438 754 -517 -115 -736 -378 89
-189 859 68 -187 103 882 679 -138 -656 -986 -661 659 170 345 -422 744 387 276 706 -618 511 -397 886 826 -765 -157 518 -737 -999 -264 -31 269 -840 -845 -634 -678 293 341 490 -958 -814 -398 132 -126 -415 558 -568 11 57 -247 28 -82 687 496 -324 756 -724 -825 124 -782 308 336 287 -497 786 376 -658 961 977 -848 325 200 -921 -38 -443 -522 -703 377 532 938 356 -551 993 -404 -525 506 -169 -920 747 -420 146 420 -56 776 681 479 -931 -922 512 39
-837 714 -500 -915 -792 -753 -220 355 -264 26 -28 440 -61 -186 513 -445 32 -234 -956 813 -756 105 -126 711 970 457 25 770 -483 231 900 -712 -596 -973 121 -588 -600 680 -528 49 -968 316 -155 -487 173 629 180 463 -245 -614 -530 599 690 238 -286 815 -624 -238 337 -924 661 373 -882 -210 152 725 -999 -746 10 561 -893 789 84 736 -556 196 163 393 -136 113 492 374 -823 -592 -68 -679 229 -158 -977 -610 193 251 484 -794 -755 465 -485 -690 303 387
-188 -100 20 -980 -517 -136 783 889 606 359 -795 -589 -124 129 -506 -928 -340 -935 554 -368 505 26 -591 -562 -180 -341 -49 -473 -954 441 296 599 365 -908 -812 284 -486 27 672 275 592 -526 -741 985 -160 -775 -777 188 -219 -681 729 -439 382 302 -551 329 -197 -168 -516 -35 -407 -347 706 -431 -173 -684 952 -765 860 -705 -491 526 701 -939 -417 -145 -129 -239 727 197 -274 -218 676 891 120 -868 981 304 662 56 -47 677 806 -384 48 265 511 410 79 456
114 245 803 -426 844 693 796 -562 691 93 65 560 872 952 -524 -570 -260 904 -156 -973 824 -375 -431 -44 -38 -951 -473 -185 676 200 29 -6 890 340 -964 568 -624 -378 974 749 866 -552 472 -962 -147 -380 -143 11 434 930 -862 -972 451 420 -466 368 772 701 -379 329 900 -883 668 -7 -684 766 943 360 342 -241 428 613 571 -403 -309 -717 190 193 681 -673 344 352 476 -345 -141 -325 -462 -502 598 404 957 -960 -198 -602 -681 -430 704 -329 -520 589
55 399 769 607 433 551 -152 753 -824 64 -811 267 -568 817 199 800 -456 -390 -542 900 -531 -534 707 681 -6 603 746 581 -494 205 -269 310 371 650 555 -666 -168 -262 -644 -382 169 874 -4 288 838 247 -314 373 389 511 -538 -17 127 -278 257 -308 -837 216 62 481 -284 957 -151 -16 -143 -965 292 166 60 887 -396 -648 162 -581 -893 972 388 -736 -290 -617 718 749 -185 -791 -773 -273 -39 472 -8 -702 35 408 -222 786 544 206 713 963 599 -455
-211 815 -665 797 897 -616 854 -225 -252 822 -368 595 -825 -254 -673 901 893 535 337 591 -978 320 -348 -886 536 -69 -224 -923 949 968 747 -771 -921 891 -242 14 -270 341 -487 107 -352 267 141 -703 369 473 755 303 171 84 962 -903 85 -139 156 -961 -64 490 -276 257 528 -879 -894 972 620 283 515 -959 -234 -433 266 -806 416 -892 -248 -226 102 2 -34 110 940 -267 -740 -120 378 735 228 37 199 130 7 -398 -432 483 -589 -617 -463 -6 812 805
-805 -785 691 870 781 984 588 -847 986 -737 -391 -993 -758 785 199 299 692 -977 -987 40 889 324 -477 -367 248 442 -982 203 404 -808 875 -593 76 -976 434 -640 950 -851 -366 -753 343 -375 530 486 631 600 -586 -174 463 -599 -804 -388 473 826 -776 -267 541 -198 284 237 178 347 -871 253 59 -930 500 57 344 -822 646 -134 915 539 -833 -238 -686 585 -184 -88 -293 134 -491 -46 20 -738 -779 443 -998 409 291 260 -168 -329 626 976 -124 -247 449 929
-193 605 573 371 -233 -96 535 748 -808 289 -504 -114 -630 420 -211 -759 366 958 -892 843 -514 898 -979 891 -151 -302 -842 29 451 -977 399 800 962 20 402 -267 -295 -243 631 -352 -938 -567 885 658 770 -317 529 719 -615 -502 -426 -561 53 698 176 -890 -818 -165 250 -949 -167 -238 831 629 141 756 -161 704 596 730 -38 -939 -97 559 26 -932 -638 -212 -6 737 -345 -419 -784 58 924 528 876 293 -454 580 -116 428 503 857 558 -62 247 322 -863 -848
-398 -690 743 589 348 968 -665 733 216 796 363 -896 78 -26 -510 488 598 -3 555 942 -986 877 627 977 383 421 -500 780 -237 810 -784 -32 879 -182 635 -967 399 -392 -819 999 920 287 230 815 754 -188 -566 -604 489 -902 -434 -349 271 -354 175 785 915 -208 -933 75 -772 797 -193 -926 -648 -376 198 448 -390 284 443 -596 -39 27 -822 -746 -106 -507 -432 811 -439 -607 887 33 -7 59 -943 -91 -152 989 -129 -718 70 907 -804 -192 -105 955 -743 -518
-789 84 173 245 -667 -26 955 593 -980 804 751 -941 -950 534 -939 -164 366 -266 -743 556 409 -156 365 -303 -570 868 -574 841 -877 614 -110 425 791 843 806 138 528 -475 -956 714 -210 624 743 27 -148 -301 -522 712 837 -202 580 -218 489 -78 604 -470 583 -217 738 119 250 339 5 -802 70 -456 980 450 -404 342 -134 850 851 -763 462 897 435 -277 246 93 170 -61 91 -15 482 -528 943 948 -40 410 -940 284 -694 -324 -488 -723 807 547 -647 -6
-837 -386 81 -841 991 896 697 -734 -755 -30 70 435 -838 635 778 -722 127 -297 363 611 -55 200 410 -937 -456 380 -599 292 925 935 -100 928 748 134 -754 994 -663 614 581 -784 -163 -208 355 130 -367 959 128 679 -673 -406 -210 185 161 -544 390 825 596 -710 -444 -551 77 -402 386 -431 705 374 -134 -355 893 829 -848 -256 -811 -437 -748 -229 752 87 -559 254 595 -332 -917 -201 -238 -226 -595 352 -391 -211 491 234 -422 -182 -520 458 538 -287 446 186
601 149 713 -502 -443 -717 99 506 -693 958 127 316 -682 -128 -174 -203 10 -97 -924 735 -854 -319 -20 319 63 516 24 669 941 -639 -600 812 994 -152 -220 28 532 746 -700 757 759 995 843 856 -291 274 998 -387 290 946 354 18 206 -474 827 -188 -320 161 37 349 452 -226 -927 -336 -67 -801 103 -827 -726 -141 846 649 27 -970 -216 -213 -179 487 -18 -567 849 205 -599 303 485 839 807 -45 721 501 -529 -978 -792 -514 -111 578 -268 -665 -436 540
231 671 -774 -217 563 799 47 818 -525 -323 -585 -318 773 30 156 -702 718 -671 388 420 -23 -460 656 -250 162 764 185 428 -687 -732 876 -238 -479 174 -728 -327 -174 -164 -173 22 -716 -649 303 -447 -589 -544 -223 -885 -551 -406 -32 -62 -954 -100 8 5 517 -473 -942 -65 919 -824 80 -597 906 -547 936 -646 -767 640 -782 874 -623 35 -673 -753 -528 505 358 67 376 -841 835 440 68 -984 -930 795 -780 532 -22 -729 -267 -610 -379 -906 -926 314 -556 -797
368 -219 -87 -726 595 -976 265 57 -194 466 840 637 128 -927 -468 -378 -878 -103 802 70 -577 455 -278 822 782 -491 -138 -449 -19 140 94 -59 -584 -605 -632 896 -848 -610 -573 630 209 -877 -524 -856 -924 -431 -504 -659 489 -292 -586 75 -152 63 -98 434 -968 -60 -820 992 568 679 -464 930 -95 114 834 -869 61 395 502 -316 465 342 -578 212 -165 409 -371 106 557 103 -787 -646 958 969 404 -153 -105 613 701 -254 877 -149 -908 747 -293 540 -656 -148
580 795 -564 493 101 -302 -658 -123 -75 -41 -421 -187 40 533 3 -727 618 802 547 13 243 -558 93 917 -866 227 -17 -428 232 30 834 700 -684 -33 -808 -224 875 198 -720 -705 -468 -86 -243 397 -108 -765 530 374 -176 840 -171 143 331 447 -178 260 829 175 35 -385 -538 416 560 -102 108 629 -715 -510 955 303 298 -83 264 -644 -971 -740 -915 313 390 861 755 394 -179 162 -898 -955 -573 -930 19 -417 336 -9 -532 300 69 639 208 289 -950 -980
488 -66 509 808 -528 -44 643 654 -285 -763 241 -649 907 662 561 354 -176 958 -143 387 894 -527 -507 155 649 710 -86 653 -421 -289 -271 -199 -878 -513 -408 -443 942 -604 210 -811 -514 -18 -776 984 274 270 -739 -71 -958 -478 -688 -617 620 300 -517 -370 824 891 231 -360 -515 -500 53 -519 855 -22 470 -98 -112 -836 7 -163 988 385 73 127 523 617 200 947 -933 -572 -260 17 -412 88 -579 608 -73 -241 684 -784 82 -866 456 -637 -198 493 390 579
-217 -907 665 0 -209 649 611 -674 563 263 -497 35 -461 759 -308 633 952 -740 335 -872 421 764 19 552 807 -804 -929 -646 188 747 -624 -847 -374 226 902 -35 -302 -227 -51 463 441 931 890 -893 462 -328 167 811 -204 -215 596 -833 -914 -411 -538 242 508 -346 557 -631 248 -183 838 -243 -529 -787 45 302 497 -30 77 -611 -617 802 -599 213 289 443 -632 -283 473 -475 160 -933 136 776 29 -386 115 -29 -456 -417 930 -802 -373 293 -467 859 55 -72
434 140 171 -24 363 930 878 733 -617 503 -812 985 -987 484 -89 -410 -759 -637 -614 -823 43 -339 331 -402 -375 891 139 357 -211 -671 98 186 781 240 -509 -634 571 -409 -962 -838 -72 -731 -704 -427 633 -54 751 -403 -914 -639 476 63 701 735 -218 -306 -621 537 956 965 -906 -993 -492 -924 592 799 -201 168 -244 867 -575 -65 593 -185 870 -791 479 953 552 100 145 468 410 -471 247 615 -517 -183 979 -197 -352 259 -895 -490 424 -587 -224 223 -31 -369
909 754 859 -684 75 -739 378 421 -253 385 -418 -664 -637 -655 -359 993 885 74 545 741 619 -345 -267 -50 -58 -545 -878 -998 428 302 789 -258 269 -404 323 895 -514 -148 -196 -66 -300 -242 -582 496 671 149 -98 146 616 737 160 -401 534 788 225 686 367 -439 925 -575 536 807 -616 829 802 -710 -565 288 974 25 -84 522 -775 311 950 359 936 84 -798 361 273 -934 -168 -15 -497 -914 -269 -912 -598 -530 887 -572 766 608 827 -554 -897 941 636 -612
-920 -1000 595 568 408 -761 364 244 -73 855 -780 579 -295 618 162 865 -405 -6 774 -581 402 -596 952 884 -811 -142 935 218 -456 -646 -575 482 -998 82 -521 -909 458 -240 -814 -743 941 555 -926 -420 962 822 -279 -355 215 -644 -635 304 755 -757 -328 28 -891 -504 282 631 -388 260 -840 -788 -585 423 -351 395 781 -45 -145 -362 -141 -860 528 604 766 198 -650 838 -550 -127 -602 43 -69 -284 -801 -40 166 -296 -384 108 912 867 940 -615 662 -67 -839 234
-540 -593 612 169 -965 -781 -154 832 511 181 -801 -796 -921 -51 -743 -257 -903 438 -918 -586 302 604 -930 600 -211 -136 822 -905 -981 -375 -173 927 748 -605 -197 -455 -88 861 -644 77 -87 919 -925 -318 -99 44 608 -480 -641 877 -654 -356 854 922 -308 -647 180 -367 635 828 -520 -764 698 743 420 868 -761 -117 -322 -259 683 928 583 75 -297 -285 229 -141 -619 179 -300 -250 -844 484 -439 118 83 -337 -83 -934 32 700 -499 -631 977 -497 735 886 -795 -260
629 -882 415 -134 922 783 -568 104 -689 329 196 555 782 670 -979 -426 283 -613 209 701 706 806 606 -788 920 -361 -976 -372 -43 522 627 414 -447 -192 591 722 -560 -111 98 -107 69 132 489 -83 -843 680 -266 320 -358 -987 226 380 -908 -859 -797 733 -258 559 672 -621 -497 368 -432 -829 -959 -792 447 -271 831 -632 -696 -550 -933 815 311 631 550 348 133 857 82 -164 -850 48 -949 -781 -356 -355 227 538 789 863 189 -681 707 -287 -580 943 401 -269
-377 87 -728 668 -738 -293 -91 -317 441 420 50 676 -750 -3 -749 627 -603 -283 -51 144 105 658 -15 904 -527 12 -245 -812 -727 -319 451 137 -514 920 632 -385 -900 421 884 646 -640 -848 -948 276 376 499 108 -251 984 -26 273 444 -381 60 -815 -620 -161 -632 669 881 -769 748 506 -564 -457 -144 295 952 110 -951 470 -66 946 209 720 547 -121 -691 814 -68 74 61 473 -277 493 552 47 -204 -115 -298 -425 -34 -595 -547 640 -554 745 427 -345 774
178 214 -570 833 826 4 512 -27 276 -805 816 -920 -605 -270 533 -260 480 747 -642 -234 218 -355 952 886 -957 224 798 -571 505 191 962 560 -910 -515 619 484 -662 -458 188 256 -3 -806 -543 704 -58 673 669 -38 -15 174 185 -250 452 -800 955 984 792 407 52 -231 281 -157 -490 -922 -501 -455 -897 350 51 381 946 168 636 516 109 -913 331 513 -917 -396 834 -672 706 -712 -398 -951 892 47 807 411 -472 -240 19 705 111 -680 668 -50 735 -942
-159 176 -286 511 -569 -842 745 358 889 978 -921 414 682 -141 -77 143 -128 -706 -668 588 392 -572 -806 -884 804 -358 660 -637 -147 -665 -752 -381 -537 917 909 856 -217 -34 -743 -701 169 531 -919 450 712 40 229 -413 380 -376 -602 -927 316 139 -594 -478 702 -915 -908 356 -905 180 421 -841 437 304 737 182 -106 -53 975 -889 351 -728 -516 -809 -925 960 -415 -629 674 -234 908 -127 18 576 -218 374 410 -309 -382 -813 934 590 -15 -592 -542 569 834 781
222 -113 -455 110 -781 339 -575 -868 -130 -344 198 918 -793 962 -53 -949 80 783 -459 -8 95 -664 520 629 627 113 54 892 973 -836 -630 -581 300 579 -579 903 -947 902 -444 527 -988 -248 -851 -694 554 -657 -871 -814 -250 140 749 996 269 103 -345 206 -296 -770 611 -605 -128 -39 157 -342 -941 62 -469 701 297 301 836 737 356 -601 -32 -31 -223 414 -858 102 -210 -478 657 721 -535 -772 123 994 570 -886 -186 426 -214 -659 -734 666 -63 -619 -553 -72
-455 -163 262 -133 55 530 422 -663 -682 -267 569 -684 642 -638 701 -569 -681 -719 -164 -518 19 -653 85 489 -1 626 351 27 294 716 546 14 -791 651 210 96 814 586 999 796 -452 937 -938 -688 128 517 513 317 -634 619 -271 -428 743 -535 -504 348 -57 157 464 -397 -12 -999 385 -785 205 -393 476 296 -278 -326 -51 -755 336 -609 577 237 -862 -761 -236 370 -282 -843 -975 611 598 712 -993 979 28 -329 872 -547 -413 -311 665 18 156 -595 -398 -15
-447 -245 -305 120 691 -866 -690 756 785 -831 -166 612 -920 -12 231 -488 -39 -590 -600 -341 -630 -586 467 344 90 218 -713 -674 697 1 -376 473 198 529 710 660 -154 -137 639 334 -860 -299 625 121 392 -739 96 47 -201 571 -774 -877 -566 -848 -60 538 199 -322 534 -35 -204 252 -979 670 176 -468 -180 -525 -827 309 555 -560 -561 556 132 284 -366 437 842 871 84 972 884 172 903 100 621 -149 743 -711 -367 792 454 482 638 -98 -693 20 -527 151
-212 676 -548 364 -485 982 358 630 216 499 -529 570 77 832 -313 -37 -444 -186 -499 842 914 -611 -946 -394 631 863 -723 371 -211 93 478 -214 535 834 -506 -659 -987 -872 642 -367 -293 797 -398 -737 -77 250 -52 -530 -221 -369 -636 187 -768 -951 945 -797 -15 -800 99 97 596 -637 -3 199 -65 269 -691 831 491 528 212 -677 579 587 701 -358 63 -673 -613 -192 967 390 619 978 268 -621 47 -136 -261 -20 240 814 -348 -629 309 -818 -667 708 163 113
-726 774 -178 -798 -571 303 -746 -540 180 912 457 -563 633 506 -76 958 -374 400 565 -153 208 859 -228 -602 592 -564 -774 418 -312 -775 -902 -42 28 918 -574 772 -545 791 -988 692 -537 -637 617 999 -142 287 -607 -376 760 -181 247 -551 -149 -346 458 -82 9 -525 594 -831 -588 -118 -795 522 435 -288 -91 984 -237 651 43 42 511 -253 -861 332 -31 159 842 479 515 -443 350 -717 -407 -198 109 740 32 896 27 -692 711 -878 721 -819 -401 -884 862 796
-698 231 -113 904 -31 -161 44 -65 -737 -826 -278 846 706 -105 -648 749 -551 150 676 -638 117 997 -464 -920 -386 783 -765 281 839 387 -687 478 197 378 681 38 -400 775 832 205 -880 -867 558 153 -912 479 -78 364 840 748 458 502 418 986 717 -513 -924 -155 975 -258 -66 810 -100 -726 -106 157 -208 -888 925 -34 -897 -498 -247 759 -736 968 367 -696 -558 669 194 -231 545 -273 -844 -784 -955 -980 898 929 750 -515 -235 623 -469 -602 939 406 -339 -214
-913 -888 -958 755 -162 -878 -995 -942 735 -781 -589 -823 -356 -707 -529 -342 -736 -319 -936 350 433 708 -279 -250 -215 262 380 270 750 911 279 489 -584 882 -92 293 897 929 -302 -437 839 764 -972 282 -846 -889 -650 886 873 -893 -949 -937 -711 -932 -471 -284 301 -986 303 -623 291 -115 905 102 -133 341 -635 37 -208 -602 -282 -270 -474 879 360 -461 -840 -80 -307 72 -34 266 -740 -976 -663 756 -9 143 -478 790 760 -153 38 -351 -954 174 722 -988 -698 340
-485 617 -43 397 733 603 974 930 -741 -315 294 -113 553 -740 822 -825 133 -456 -255 941 49 -471 666 -890 -219 242 291 -944 -85 702 -371 -61 -149 -507 474 622 -348 196 761 -78 -426 -57 631 -772 28 152 -556 -598 -1 936 927 639 452 15 -419 -347 809 -566 -915 756 413 326 -964 -285 392 -412 575 -137 996 -691 1 -618 -512 446 220 -184 562 530 -465 -621 -697 697 982 -307 638 -119 -13 -978 -409 -197 641 78 685 -670 -905 -305 519 193 101 211
-495 970 648 794 -986 -506 932 -202 -69 528 316 -782 -164 -396 336 241 176 380 -947 867 -732 -844 103 584 462 808 945 -883 414 73 456 562 377 128 -512 639 -802 -708 -905 129 -196 -360 536 -156 990 -262 585 395 -656 -301 -109 -849 -74 -221 -165 295 -792 170 527 629 -914 650 865 381 489 398 202 101 -823 824 834 305 -903 479 147 703 677 913 -886 -518 -643 382 907 -647 -51 -606 887 -503 186 -950 409 -523 -899 330 923 -162 673 -612 -90 300
207 598 603 -997 -494 764 436 -949 575 -463 816 -129 791 -617 211 413 -264 -937 595 152 -952 354 -270 898 427 733 -540 -232 839 -458 51 -953 -61 375 -787 -376 -171 -640 -286 -500 661 691 -509 571 -906 -283 -961 -927 419 754 579 578 213 -110 -356 597 -238 528 -913 743 -62 -308 589 466 -434 840 -82 -534 -585 -464 -917 188 -280 -49 310 -337 -988 251 411 737 -222 337 164 -566 769 -460 350 123 182 -301 -251 -131 1 -840 -834 945 -539 226 122 319
-945 -625 208 -599 626 21 -238 845 -233 -271 -869 74 986 911 470 -404 -934 -992 372 140 -483 287 -82 316 -835 -181 -580 -523 -344 726 24 277 500 204 -757 293 -78 -315 -771 -956 431 -708 852 -710 -875 105 669 748 484 979 -504 580 -294 944 -56 -506 -718 -219 505 -230 -446 -799 -985 118 -262 331 -156 687 -357 -349 341 -615 -173 358 -427 806 47 -828 90 -46 -734 -610 953 44 1 206 -141 -394 -994 -721 499 -373 -957 785 734 -663 573 849 537 745
434 261 -422 -179 631 58 -262 87 -208 946 -311 766 -238 660 971 592 135 775 998 -801 44 -742 5 -12 -758 252 -279 -77 -74 -938 707 40 323 -292 988 -217 -963 -563 460 835 -227 692 378 -721 672 -162 -295 222 389 -516 807 -909 347 57 926 879 -765 -392 -129 763 412 794 -837 814 671 431 -817 51 540 82 391 407 -671 -460 -915 516 -455 -313 -500 -804 -235 883 -348 41 -602 176 319 -657 -948 130 362 902 268 -894 726 -368 -491 -38 499 38
362 465 -158 -980 -219 -981 332 -943 -85 149 371 -978 796 -702 666 -144 311 -951 86 -867 -629 620 -796 396 -607 -64 -713 429 370 -533 834 211 456 324 -769 705 20 -452 285 -436 144 567 -865 647 57 -884 633 894 90 225 669 -757 -923 839 648 570 998 574 -920 -732 -237 -182 148 185 742 586 230 942 -211 -880 584 -723 868 -875 556 -382 -36 77 -995 363 618 -76 974 -763 973 173 -432 -648 -541 876 66 265 846 120 378 544 -418 -876 -60 -265
895 -411 -173 253 -379 -168 355 -900 13 736 252 -41 -691 17 -961 947 -357 -657 86 -845 756 685 309 -389 329 -229 974 855 -688 399 -81 -11 -581 3 526 -286 -10 980 874 594 -758 -612 -466 -764 -177 419 675 313 -720 978 824 -74 404 333 -535 972 -796 -979 -363 954 850 681 174 -891 670 744 -731 508 -816 351 -398 -487 45 -607 529 -337 -147 827 899 -815 213 591 887 -648 -681 981 27 -809 -64 -210 -497 250 861 -851 -842 -394 853 -164 771 -724
[RUN #22 10 100]
-726 -989 518 630 710 563 -534 366 733 731
-784 -818 -883 627 -839 17 141 65 267 -790
-990 -139 -686 525 -578 -222 713 317 783 283
496 394 823 -493 982 -296 -126 503 -49 -225
-133 547 -423 -944 -261 504 293 11 140 663
604 215 558 -269 -301 898 -562 -264 253 -889
788 -489 -425 -468 667 -16 415 -334 -917 401
-70 -133 957 -635 333 600 -353 844 39 154
-863 -644 772 -97 -113 548 145 -816 -474 224
-169 -396 572 688 477 514 -574 -608 177 606
379 -480 -326 873 -316 -839 29 666 349 339
-369 -404 -860 779 -537 188 -971 -327 213 329
177 -375 264 -794 836 70 601 -914 -315 472
-659 -220 673 644 595 -15 -368 -308 -108 980
566 764 -475 98 -93 -275 -779 884 319 176
152 20 -434 -287 -501 570 876 -659 623 -128
403 5 -634 536 -734 720 -77 -324 804 -190
282 -584 -508 697 78 -151 -383 511 -600 874
-30 -17 198 953 761 267 -276 -212 771 295
-473 561 145 767 27 86 -308 714 279 -69
349 348 52 592 755 497 -159 -968 -169 929
406 822 -946 429 209 945 -107 377 251 -133
691 -72 251 839 -132 644 -617 -103 552 640
540 808 354 -442 393 869 -257 -723 410 282
-152 841 68 -889 -42 653 -482 851 -973 258
716 -876 505 -526 -271 100 -768 282 574 747
-191 596 -961 -747 823 -248 718 -339 -319 -884
-591 85 871 447 216 -873 56 842 355 -550
77 731 -868 -858 -584 243 239 383 526 -964
-314 680 -130 518 838 450 391 -662 6 501
822 -400 -930 -677 835 448 -447 113 36 740
841 -813 -527 -921 696 19 -437 -417 -533 901
638 0 -487 -334 -475 -800 133 23 609 182
-40 102 -659 79 718 -39 -162 -540 937 710
984 -942 912 697 -548 -826 486 -624 419 372
-19 500 499 504 -849 -202 167 573 910 -927
-821 923 876 -823 401 -876 823 -839 174 -877
[RUN #23 5 100]
633 529 629 -282 275
-692 657 -9 168 -221
430 -970 266 330 795
629 -238 -997 -892 458
-141 312 -577 240 -818
318 871 482 -896 -778
-812 909 -302 -852 -680
257 -478 269 -916 -791
-533 737 -615 723 24
-104 97 988 -680 -302
-240 719 -100 379 -287
-756 523 -3 135 -368
937 210 430 927 -525
216 651 820 -741 541
-906 -900 -578 -877 604
-223 799 -736 46 43
-856 -959 76 81 664
232 939 554 -634 -721
-855 -513 -797 95 -567
19 -139 -587 344 897
435 -450 405 384 -971
55 -375 411 615 512
-84 858 -255 -121 -428
337 901 -532 280 547
-700 990 58 302 -362
-778 -410 57 -699 633
949 -662 -648 -385 -809
-48 660 -755 -801 -117
968 -182 851 -489 954
-98 -485 -725 935 -323
-81 -592 -19 852 -109
-195 -798 -873 259 341
613 617 70 -540 -734
989 346 -257 264 444
-812 -662 305 946 603
-97 678 67 254 -892
-309 -110 580 -125 -721
149 -823 898 -653 527
-42 499 465 -948 941
568 399 925 -808 982
-360 186 -425 896 244
764 -960 124 343 745
-927 -972 677 211 -457
-516 10 -68 -983 -290
-805 -188 298 986 946
-826 -198 805 500 832
918 -609 -866 361 615
-467 -130 -796 -70 -542
351 488 454 949 -314
940 -474 945 104 885
938 -617 625 -953 -320
-812 44 -588 931 -4
955 67 -158 -24 -737
-632 701 582 -198 140
-796 661 -779 373 -734
-83 -211 -254 25 -110
-257 -523 45 -228 678
160 312 901 632 270
969 -321 118 -632 -535
-450 -715 341 282 167
-478 816 -889 -781 -790
903 685 -491 924 785
115 583 925 229 -322
701 -292 -38 39 987
-270 -60 358 436 918
-561 -239 143 -801 515
270 432 -553 -454 -977
-188 -706 -346 -379 25
417 -982 465 -930 527
-263 -859 -875 -330 -530
517 589 -417 308 506
543 -614 597 140 417
733 459 -114 139 20
596 625 -423 -890 462
-570 -153 -147 643 -951
666 -301 206 -488 660
275 -285 -69 -333 618
-52 -187 -630 -850 194
-694 -115 274 833 -982
-137 -26 -333 -209 763
331 752 -41 -796 673
-282 -305 -704 -415 -532
862 -83 -125 152 -87
680 -905 -378 253 978
-842 512 -191 212 206
74 951 -597 90 -705
-340 -758 -711 -596 -822
385 -403 83 959 931
-56 -910 -12 131 324
-30 563 -339 907 -144
-606 680 -952 -282 -17
-911 130 42 94 -872
-570 -942 -406 -595 420
294 417 807 345 292
-117 -457 407 -289 995
-927 340 978 -483 918
-665 -832 746 117 81
411 585 682 -760 -186
-261 973 331 542 -25
421 -98 -638 709 -385
[RUN #24 5 100]
-51 -828 514 377 871
213 81 576 231 -724
-699 584 912 -205 978
86 148 122 125 540
321 325 20 -340 -584
-789 348 -507 -132 -594
-523 951 -444 -699 -251
-724 606 576 88 416
748 753 -429 428 348
12 829 399 -107 142
490 342 -726 833 -983
159 456 42 90 -894
681 -87 836 468 -452
-177 -851 -934 107 188
195 -356 -494 526 70
-224 901 -787 -870 872
-503 -886 220 -58 -35
-637 -924 -623 264 996
101 -821 0 691 108
837 592 138 -972 -46
703 819 -788 427 661
-246 512 -903 103 787
-733 529 -327 328 -837
-125 194 -863 -140 807
-28 -328 -143 -157 390
600 223 -56 843 108
56 275 492 291 236
-384 -952 -774 295 -270
448 -597 -791 778 49
-767 33 948 361 178
557 -501 -497 765 275
366 -333 -908 309 17
-401 -130 812 -134 -1
-321 -293 -866 826 997
974 266 -299 -364 537
-271 -676 -645 -881 -380
645 832 698 -175 927
205 741 -737 590 -714
100 577 -962 931 845
927 -21 -83 -149 46
620 458 660 -602 95
-495 -187 -542 -859 -996
924 625 627 15 883
-128 -317 196 962 705
153 -235 -943 893 848
-294 -259 570 326 -185
-297 106 279 -284 -101
-804 -867 300 -56 -794
628 -180 775 -310 399
-206 689 -736 -657 -595
-806 966 745 -135 -292
377 794 -197 -783 -339
120 914 553 -482 659
-402 58 948 -720 -379
477 924 -295 -760 -222
419 -19 -500 827 317
-658 -485 478 415 -117
229 -346 -11 -349 -33
346 886 -56 -466 643
401 620 184 760 514
[RUN #25 2 100]
49 46
-518 -243
618 -293
[RUN #26 2 100]
-186 -461
-926 893
[RUN #27 2 100]
191 -13
-755 199
-466 -646
-41 408
488 -713
-703 -421
[RUN #28 2 100]
-783 618
-301 -293
56 986
-518 -141
988 -951
10 -33
-375 -340
949 422
-521 438
-361 787
694 -913
101 -291
[RUN #29 2 100]
72 176
565 -244
595 727
-6 642
959 857
131 -913
-779 407
408 -570
433 181
750 -407
-146 46
856 -47
644 653
286 87
60 708
-786 -601
[RUN #30 3 100]
188 743 904
-392 323 -179
-267 -955 -419
409 -869 173
-344 -925 962
227 529 757
-453 673 -63
772 886 -553
245 -862 -589
-231 -120 646
-890 -776 -912
576 382 916
-273 102 -577
-144 -896 948
872 240 -554
500 812 -491
-882 -425 -134
-770 -56 357
-223 931 239
-149 -55 813
-332 115 -60
613 27 69
39 503 -919
275 104 595
-98 -146 97
170 150 817
-343 939 -742
375 -89 -922
999 -967 -371
-159 -877 -612
230 708 397
338 156 101
616 -98 10
35 462 814
-265 42 468
86 654 -835
-48 -761 83
46 -442 -949
630 -761 -396
[RUN #31 3 100]
31 -220 415
994 -268 -534
700 463 -906
-340 128 131
295 -108 576
793 -641 994
-121 -162 -747
-485 -38 877
-157 853 658
-250 816 -728
-302 -280 -122
-616 -40 -627
900 -969 450
-780 786 602
768 -333 -59
-515 -475 -846
-546 -112 -663
704 -204 428
-800 28 932
-20 443 163
402 -551 833
513 182 -366
561 726 -275
588 423 -884
663 -676 352
-166 880 795
-634 -555 -557
92 -38 -458
-685 95 -323
-80 56 148
-678 386 -265
532 182 -516
-244 -903 -846
-131 -104 -240
-646 -917 655
354 -784 921
-780 -784 499
-52 -718 -293
-783 282 313
338 -561 528
-231 -891 -857
603 -681 -914
262 890 -189
544 -981 340
582 765 -537
847 457 -877
-452 -266 313
672 -251 494
548 962 79
-757 -905 227
-475 -687 418
-842 -40 161
841 972 437
394 228 -42
-796 159 870
216 -87 60
969 -728 -236
-371 -893 -868
134 416 -341
-635 -70 -783
-625 -87 592
995 -758 751
-598 61 -971
-535 -766 -896
-714 -597 570
-923 -934 -944
-649 -3 -472
975 -393 126
800 442 820
533 346 -979
18 783 -609
-708 -140 696
128 -785 -789
703 -107 -834
367 258 438
-306 -144 -284
110 -689 116
-489 -583 118
-407 -348 -732
-582 713 -114
925 69 -926
181 -463 -723
-651 459 -588
967 -540 -175
476 941 -318
321 -309 413
583 -719 354
-65 320 298
702 392 -468
-28 954 937
804 -169 -83
331 381 741
905 -648 -776
651 906 -118
[RUN #32 10 100]
-16 -974 954 -744 -772 216 -924 -517 546 517
-912 -525 -272 497 181 751 -376 155 749 -539
-264 63 949 987 -565 -614 886 -99 -885 -847
-426 -800 -242 998 659 -570 -535 -982 -106 784
296 512 -748 940 -829 -515 -883 884 -564 -282
337 158 -446 411 667 -834 -545 -46 -420 -962
891 919 -85 -913 -680 84 -817 732 -809 -450
-104 -850 10 -739 567 -3 731 -880 320 -165
-42 -551 655 -645 235 583 -704 656 -819 -902
-327 256 245 -713 -451 614 101 -652 703 934
897 753 350 270 -134 222 130 -765 470 528
431 627 128 155 549 663 -624 -456 119 -516
-332 -897 644 -884 -56 -609 -353 959 -344 564
782 -583 412 101 -60 300 372 398 -747 -457
-41 -141 354 403 -463 633 -264 352 922 956
[RUN #33 10 100]
-742 536 378 35 -51 821 -125 179 -613 -590
-322 764 -775 900 477 -300 -6 -483 683 -437
-102 293 -786 -816 335 -591 -252 -185 -119 415
212 -825 -605 -92 852 696 -689 -66 -22 -745
-623 858 -579 118 -554 -661 -627 -74 -638 667
[RUN #34 10 100]
-923 990 754 -443 733 -595 -350 -258 -246 -444
-899 557 -663 -729 -633 504 -587 -916 132 6
377 523 -823 806 -750 -231 -873 -5 738 197
-230 513 -131 -698 102 -895 -438 -955 818 -145
325 735 821 664 790 117 875 -292 -575 657
789 -484 -886 333 -340 -743 755 702 595 42
-332 -149 473 -242 -356 -610 -511 -4 981 246
198 100 -518 359 521 -959 851 -281 -139 -80
[RUN #35 100 100]
299 275 174 741 451 -653 861 301 845 -194 210 779 936 834 -721 -984 593 -741 -639 959 187 -149 -497 604 966 516 -899 489 200 362 97 -109 82 565 421 731 -694 464 582 284 -523 -615 -49 709 -401 7 -459 -647 551 -90 672 328 278 48 676 -506 869 -75 557 -650 225 -728 -581 68 406 147 292 891 -671 -502 -375 714 878 523 -419 -36 -484 -718 716 -526 247 -85 -225 -1 -319 -416 456 59 107 163 -348 -233 -387 -201 438 884 31 124 -74 900
179 -642 -187 717 730 -255 58 -504 -432 -397 -598 303 32 500 587 -940 -408 -835 541 -17 -884 81 -290 -189 -87 134 80 -533 397 594 892 -785 -759 -72 -453 762 102 -114 842 -817 -516 197 478 -863 -396 542 704 -972 258 735 312 -265 174 211 264 417 -590 -536 -284 171 562 106 -639 -376 -842 -47 -458 -270 -789 613 -221 -680 811 -620 -388 82 333 -557 -728 482 -587 127 833 -1 -150 -829 778 191 -651 -831 564 -526 -477 -171 622 217 -281 711 365 -230
-856 855 914 426 137 -801 969 219 975 163 411 -159 946 -841 -60 716 912 146 -444 -977 -686 430 633 -516 765 87 279 139 -780 980 -965 192 -142 -978 -507 -279 -589 -441 736 262 917 -604 773 492 -735 -715 -171 542 -954 625 499 -939 791 -525 51 341 -948 54 293 -24 -513 589 -119 -241 703 160 156 -85 -703 91 758 -665 431 276 -362 -562 -674 782 397 -316 575 -92 -834 -139 -863 -966 -14 893 -421 319 701 7 -605 -571 403 562 -491 -691 -941 -18
-15 -493 463 582 563 803 -116 49 -944 -433 353 655 901 -282 621 -81 89 -11 -250 77 -849 -973 -91 82 42 -877 307 405 -555 68 -478 -430 -857 -864 443 -757 956 333 971 -65 181 270 81 -792 -709 98 -239 575 819 568 -389 2 -353 83 -596 974 394 465 -534 160 102 -222 -641 843 -723 954 157 502 717 681 246 -772 366 74 445 377 -721 296 -702 -853 802 -586 -540 902 -551 41 -83 -311 255 236 813 496 951 -829 -855 720 318 -656 -350 228
-749 302 170 -307 -668 245 -858 771 851 -499 -428 513 -577 89 225 217 754 -706 896 -930 282 -161 410 -47 111 96 -44 -1 69 -97 -744 -295 537 -517 -476 417 -812 168 776 252 -944 670 265 401 452 -659 -827 -814 -713 -363 500 -619 -114 399 978 151 757 -919 -479 -477 -580 9 -765 -879 325 -454 93 -544 935 -766 975 590 483 313 -984 -376 -885 624 -946 -301 -108 998 182 963 766 176 961 -440 -474 -518 335 952 -867 39 20 -561 423 -68 -870 -257
40 -92 339 856 -227 789 422 -885 -527 -144 -339 306 -624 760 19 -256 -330 424 980 988 832 -38 -193 722 443 -732 -288 995 719 -642 516 -570 392 -267 108 745 949 -165 152 -630 -470 -501 -241 -652 -772 -505 584 -715 -294 758 -396 -303 683 691 367 -577 795 -10 788 -52 -448 228 834 219 785 -744 597 689 82 -538 -815 -430 103 782 744 -568 -899 -362 -367 -370 802 -316 -364 -825 -261 -518 -309 -61 663 120 -39 -171 319 92 -50 514 592 -451 43 -607
-214 -498 195 786 600 -407 257 -248 -812 632 77 -690 -372 -273 -314 545 -559 -462 -652 260 3 -52 -598 509 -365 -685 370 -911 103 -103 -150 519 669 986 304 -873 -467 -795 344 365 -89 -524 -854 -825 -133 -673 595 538 -740 -159 -302 -257 -884 -108 733 287 216 116 -687 936 351 53 567 557 -165 -668 -614 244 264 435 247 -535 -213 -651 466 -188 471 169 -579 -753 515 861 409 -809 -661 487 -680 -931 406 -574 603 679 768 -342 58 -871 -783 -573 -398 -671
-357 -783 -43 -795 843 -869 966 846 828 -899 614 201 980 -140 -774 6 -886 -218 -902 517 799 -206 -182 -49 188 999 -215 -726 -709 -609 -931 -391 -523 -18 -534 577 -666 102 -36 -545 -631 315 404 -908 230 545 -750 453 -142 615 964 -19 836 665 -96 864 -660 -299 -569 -100 -74 508 -699 -422 -244 867 878 -173 -33 274 -361 -181 -906 223 353 -883 812 657 755 -674 -73 696 505 279 636 717 683 509 378 -909 670 -257 -580 -212 -586 -532 -846 -260 764 -402
-773 745 165 -245 -933 193 549 535 -443 -4 -892 824 955 -700 420 -5 189 -462 -865 771 307 474 -823 -592 -571 -781 -729 -15 437 -877 92 -697 803 372 -962 -73 -1000 -815 -905 41 232 649 -550 -138 -971 -427 -964 650 -677 144 78 -506 -669 -241 -655 694 -633 973 226 -63 784 -897 -94 200 -747 958 -339 94 -601 -54 661 34 147 908 -576 209 982 929 702 -715 -880 313 -1 42 75 -416 972 742 343 -280 332 -157 -961 960 225 -151 -873 -86 805 480
-350 626 -333 397 129 323 -130 -246 -872 753 826 -831 530 963 178 -919 433 -3 -710 291 730 516 74 969 -482 754 485 -588 -734 385 -721 -72 -921 -409 -305 -567 151 -795 -80 -528 -747 -503 -541 686 846 -618 797 -204 125 -661 -893 -505 317 734 310 -765 -336 -376 -140 351 -83 -988 692 9 865 46 -416 -902 -923 527 867 70 85 860 177 -133 -909 33 -374 51 -762 653 -963 292 567 843 -665 -892 -119 183 -593 -337 -66 359 -766 -69 -258 816 -743 862
686 -767 379 20 -386 -500 60 311 -615 910 463 -964 17 649 -505 -846 948 37 -281 528 667 -75 12 -578 625 -495 935 -737 795 -752 308 986 -52 695 -146 898 194 -820 123 732 741 -6 761 -527 -608 346 989 83 -108 -45 825 496 -932 69 499 -82 715 -746 -57 -990 563 -813 408 66 -572 -789 -274 850 71 -109 588 883 -704 -791 109 487 -574 -255 -668 -960 -777 -593 -731 -26 -100 232 -393 -581 -720 -314 591 330 -528 -951 -463 -294 669 -963 921 147
[RUN #36 3 100]
-516 506 645
941 108 -608
-285 832 -660
643 -810 -216
-291 -529 119
-406 694 1
-551 70 -320
308 558 94
-12 -555 448
182 -246 5
-907 913 -267
439 809 -968
-925 -360 317
492 -487 483
325 954 -514
127 287 274
316 262 -646
654 -607 276
-542 344 256
178 -394 630
-264 -512 548
295 -750 -723
-411 -712 -871
495 -648 -65
-584 -514 878
449 -625 651
791 -340 182
-917 -677 -857
60 444 -593
713 -618 -500
927 721 629
-375 488 -501
-707 951 181
-11 64 587
656 -297 -703
79 987 -335
366 -663 -121
339 844 -498
634 -594 -152
-763 118 -794
701 -739 324
-602 -575 834
839 675 905
-972 -199 -925
[RUN #37 3 100]
738 517 299
-748 594 378
-795 -446 899
567 197 -330
27 -145 651
186 162 -507
-820 813 -896
21 -911 163
-914 -839 -509
-151 -865 945
40 -672 225
381 -94 399
341 -944 -61
288 708 -699
391 -901 -13
883 479 -514
-713 -485 -601
-437 -180 238
-514 -730 -865
-22 223 -75
391 305 -796
-537 -51 275
655 -729 409
96 742 -602
168 -961 -357
-563 -775 449
99 981 40
-26 -659 478
-680 454 449
529 897 614
-197 -656 971
911 592 885
-219 -816 130
-151 132 177
821 460 -212
-190 -358 -661
514 -270 332
174 579 -12
781 -301 3
348 491 129
-995 -265 163
650 -146 76
-530 137 -592
-411 504 664
923 -253 768
66 -964 -546
155 292 538
-148 -323 681
430 51 66
-460 658 912
729 973 667
-799 269 -463
-792 -780 -266
-849 -895 404
20 697 -515
147 644 -263
593 451 552
70 -840 765
712 -490 -559
-861 -891 947
-286 -707 -892
781 929 649
-730 -242 139
647 219 -321
[RUN #38 3 100]
263 -472 -987
-684 -925 218
-944 578 -774
833 -981 531
827 383 365
979 -785 -963
660 -621 98
-474 103 827
326 592 442
-956 -67 806
82 78 -495
558 962 -360
-64 -936 -296
413 -77 895
607 -227 -815
360 -692 809
36 -829 -872
818 -20 -417
-168 -278 156
651 705 -978
251 349 -122
945 186 98
25 -380 606
54 -200 -405
478 147 -535
135 906 -732
495 -305 -817
708 -53 -821
670 572 -398
222 -374 232
-583 448 111
-673 151 -845
985 -871 367
790 -338 -394
303 -266 292
-246 -280 -876
-434 -293 -243
487 -201 -576
-803 201 246
-98 -661 409
-601 -929 -887
-727 -935 70
-719 -822 273
-440 417 -357
-485 -392 -640
940 622 807
22 -696 811
-22 683 473
-676 865 -580
537 230 -374
868 -737 373
-928 607 971
